#
# There is insufficient memory for the Java Runtime Environment to continue.
# Native memory allocation (malloc) failed to allocate 2097152 bytes for AllocateHeap
# Possible reasons:
#   The system is out of physical RAM or swap space
#   The process is running with CompressedOops enabled, and the Java Heap may be blocking the growth of the native heap
# Possible solutions:
#   Reduce memory load on the system
#   Increase physical memory or swap space
#   Check if swap backing store is full
#   Decrease Java heap size (-Xmx/-Xms)
#   Decrease number of Java threads
#   Decrease Java thread stack sizes (-Xss)
#   Set larger code cache with -XX:ReservedCodeCacheSize=
#   JVM is running with Unscaled Compressed Oops mode in which the Java heap is
#     placed in the first 4GB address space. The Java Heap base address is the
#     maximum limit for the native heap growth. Please use -XX:HeapBaseMinAddress
#     to set the Java Heap base and to place the Java Heap above 4GB virtual address.
# This output file may be truncated or incomplete.
#
#  Out of Memory Error (allocation.cpp:44), pid=12496, tid=7412
#
# JRE version: OpenJDK Runtime Environment Temurin-17.0.9+9 (17.0.9+9) (build 17.0.9+9)
# Java VM: OpenJDK 64-Bit Server VM Temurin-17.0.9+9 (17.0.9+9, mixed mode, emulated-client, tiered, compressed oops, compressed class ptrs, g1 gc, windows-amd64)
# No core dump will be written. Minidumps are not enabled by default on client versions of Windows
#

---------------  S U M M A R Y ------------

Command Line: -XX:+HeapDumpOnOutOfMemoryError -Xmx1024m -Dsts.lsp.client=vscode -Dsts.log.file=/dev/null -XX:TieredStopAtLevel=1 -Xlog:jni+resolve=off -Dspring.config.location=file:c:\Users\Win10\.vscode\extensions\vmware.vscode-spring-boot-1.51.0\language-server\BOOT-INF\classes\application.properties org.springframework.ide.vscode.boot.app.BootLanguageServerBootApp

Host: Intel(R) Core(TM) i7-8700 CPU @ 3.20GHz, 12 cores, 15G,  Windows 10 , 64 bit Build 19041 (10.0.19041.3636)
Time: Mon Jan  1 08:11:36 2024  Windows 10 , 64 bit Build 19041 (10.0.19041.3636) elapsed time: 87380.328941 seconds (1d 0h 16m 20s)

---------------  T H R E A D  ---------------

Current thread (0x000001d605986c50):  VMThread "VM Thread" [stack: 0x000000ce22800000,0x000000ce22900000] [id=7412]

Stack: [0x000000ce22800000,0x000000ce22900000]
Native frames: (J=compiled Java code, j=interpreted, Vv=VM code, C=native code)
V  [jvm.dll+0x67cf49]
V  [jvm.dll+0x83478a]
V  [jvm.dll+0x83624e]
V  [jvm.dll+0x8368b3]
V  [jvm.dll+0x247f1f]
V  [jvm.dll+0xa6b4b]
V  [jvm.dll+0x2f8f01]
V  [jvm.dll+0x2f4af0]
V  [jvm.dll+0x2dd0d7]
V  [jvm.dll+0x320357]
V  [jvm.dll+0x83adab]
V  [jvm.dll+0x83baf1]
V  [jvm.dll+0x83c00d]
V  [jvm.dll+0x83c3e4]
V  [jvm.dll+0x83c4b0]
V  [jvm.dll+0x7e3c3a]
V  [jvm.dll+0x67be35]
C  [ucrtbase.dll+0x21bb2]
C  [KERNEL32.DLL+0x17344]
C  [ntdll.dll+0x526b1]

VM_Operation (0x000000ce23dfef50): G1CollectFull, mode: safepoint, requested by thread 0x000001d60b43e020


---------------  P R O C E S S  ---------------

Threads class SMR info:
_java_thread_list=0x000001d60bc5dfa0, length=19, elements={
0x000001d605989660, 0x000001d60598a4e0, 0x000001d6059c18c0, 0x000001d6059e55b0,
0x000001d6059e6070, 0x000001d605a03510, 0x000001d605a03ed0, 0x000001d605a05bf0,
0x000001d605c0a140, 0x000001d605c32ab0, 0x000001d60b3b5d70, 0x000001d60b43e020,
0x000001d60b43e500, 0x000001d67a6e4570, 0x000001d605ae9820, 0x000001d60b486050,
0x000001d60b498210, 0x000001d60b495990, 0x000001d60b495ea0
}

Java Threads: ( => current thread )
  0x000001d605989660 JavaThread "Reference Handler" daemon [_thread_blocked, id=20436, stack(0x000000ce22900000,0x000000ce22a00000)]
  0x000001d60598a4e0 JavaThread "Finalizer" daemon [_thread_blocked, id=9208, stack(0x000000ce22a00000,0x000000ce22b00000)]
  0x000001d6059c18c0 JavaThread "Signal Dispatcher" daemon [_thread_blocked, id=17128, stack(0x000000ce22b00000,0x000000ce22c00000)]
  0x000001d6059e55b0 JavaThread "Attach Listener" daemon [_thread_blocked, id=19796, stack(0x000000ce22c00000,0x000000ce22d00000)]
  0x000001d6059e6070 JavaThread "Service Thread" daemon [_thread_blocked, id=19692, stack(0x000000ce22d00000,0x000000ce22e00000)]
  0x000001d605a03510 JavaThread "Monitor Deflation Thread" daemon [_thread_blocked, id=23720, stack(0x000000ce22e00000,0x000000ce22f00000)]
  0x000001d605a03ed0 JavaThread "C1 CompilerThread0" daemon [_thread_blocked, id=19784, stack(0x000000ce22f00000,0x000000ce23000000)]
  0x000001d605a05bf0 JavaThread "Sweeper thread" daemon [_thread_blocked, id=19664, stack(0x000000ce23000000,0x000000ce23100000)]
  0x000001d605c0a140 JavaThread "Notification Thread" daemon [_thread_blocked, id=12044, stack(0x000000ce23200000,0x000000ce23300000)]
  0x000001d605c32ab0 JavaThread "Common-Cleaner" daemon [_thread_blocked, id=23120, stack(0x000000ce23400000,0x000000ce23500000)]
  0x000001d60b3b5d70 JavaThread "boundedElastic-evictor-1" daemon [_thread_blocked, id=6516, stack(0x000000ce23b00000,0x000000ce23c00000)]
  0x000001d60b43e020 JavaThread "pool-12-thread-1" [_thread_blocked, id=23352, stack(0x000000ce23d00000,0x000000ce23e00000)]
  0x000001d60b43e500 JavaThread "LanguageServerApp-lifecycle" [_thread_blocked, id=14364, stack(0x000000ce24300000,0x000000ce24400000)]
  0x000001d67a6e4570 JavaThread "DestroyJavaVM" [_thread_blocked, id=7520, stack(0x000000ce22200000,0x000000ce22300000)]
  0x000001d605ae9820 JavaThread "pool-13-thread-1" [_thread_in_native, id=20528, stack(0x000000ce24400000,0x000000ce24500000)]
  0x000001d60b486050 JavaThread "Simple-Language-Server main thread" daemon [_thread_blocked, id=10736, stack(0x000000ce24500000,0x000000ce24600000)]
  0x000001d60b498210 JavaThread "parallel-1" daemon [_thread_blocked, id=23400, stack(0x000000ce24900000,0x000000ce24a00000)]
  0x000001d60b495990 JavaThread "pool-6-thread-1" [_thread_blocked, id=23904, stack(0x000000ce24a00000,0x000000ce24b00000)]
  0x000001d60b495ea0 JavaThread "parallel-2" daemon [_thread_blocked, id=23248, stack(0x000000ce24b00000,0x000000ce24c00000)]

Other Threads:
=>0x000001d605986c50 VMThread "VM Thread" [stack: 0x000000ce22800000,0x000000ce22900000] [id=7412]
  0x000001d605c2a630 WatcherThread [stack: 0x000000ce23300000,0x000000ce23400000] [id=18036]
  0x000001d67a7234f0 GCTaskThread "GC Thread#0" [stack: 0x000000ce22300000,0x000000ce22400000] [id=9764]
  0x000001d60a9c6620 GCTaskThread "GC Thread#1" [stack: 0x000000ce23500000,0x000000ce23600000] [id=22716]
  0x000001d60a9c6cf0 GCTaskThread "GC Thread#2" [stack: 0x000000ce23600000,0x000000ce23700000] [id=17056]
  0x000001d60a9c6fb0 GCTaskThread "GC Thread#3" [stack: 0x000000ce23700000,0x000000ce23800000] [id=17788]
  0x000001d60a9cb280 GCTaskThread "GC Thread#4" [stack: 0x000000ce23800000,0x000000ce23900000] [id=9312]
  0x000001d60a9cc160 GCTaskThread "GC Thread#5" [stack: 0x000000ce23900000,0x000000ce23a00000] [id=5712]
  0x000001d60abe8840 GCTaskThread "GC Thread#6" [stack: 0x000000ce23a00000,0x000000ce23b00000] [id=11436]
  0x000001d60adbca70 GCTaskThread "GC Thread#7" [stack: 0x000000ce23e00000,0x000000ce23f00000] [id=16480]
  0x000001d60ad15f50 GCTaskThread "GC Thread#8" [stack: 0x000000ce23f00000,0x000000ce24000000] [id=17440]
  0x000001d60ae31040 GCTaskThread "GC Thread#9" [stack: 0x000000ce24000000,0x000000ce24100000] [id=16508]
  0x000001d67a72c440 ConcurrentGCThread "G1 Main Marker" [stack: 0x000000ce22400000,0x000000ce22500000] [id=10012]
  0x000001d67a72d600 ConcurrentGCThread "G1 Conc#0" [stack: 0x000000ce22500000,0x000000ce22600000] [id=16780]
  0x000001d60abf3820 ConcurrentGCThread "G1 Conc#1" [stack: 0x000000ce24100000,0x000000ce24200000] [id=1448]
  0x000001d60abf3ae0 ConcurrentGCThread "G1 Conc#2" [stack: 0x000000ce24200000,0x000000ce24300000] [id=700]
  0x000001d605806580 ConcurrentGCThread "G1 Refine#0" [stack: 0x000000ce22600000,0x000000ce22700000] [id=3068]
  0x000001d605806fb0 ConcurrentGCThread "G1 Service" [stack: 0x000000ce22700000,0x000000ce22800000] [id=19468]

Threads with active compile tasks:

VM state: at safepoint (normal execution)

VM Mutex/Monitor currently owned by a thread:  ([mutex/lock_event])
[0x000001d67841f660] Threads_lock - owner thread: 0x000001d605986c50
[0x000001d67a6e12a0] Heap_lock - owner thread: 0x000001d60b43e020

Heap address: 0x00000000c0000000, size: 1024 MB, Compressed Oops mode: 32-bit

CDS archive(s) not mapped
Compressed class space mapped at: 0x0000000100000000-0x0000000140000000, reserved size: 1073741824
Narrow klass base: 0x0000000000000000, Narrow klass shift: 3, Narrow klass range: 0x140000000

GC Precious Log:
 CPUs: 12 total, 12 available
 Memory: 16323M
 Large Page Support: Disabled
 NUMA Support: Disabled
 Compressed Oops: Enabled (32-bit)
 Heap Region Size: 1M
 Heap Min Capacity: 8M
 Heap Initial Capacity: 256M
 Heap Max Capacity: 1G
 Pre-touch: Disabled
 Parallel Workers: 10
 Concurrent Workers: 3
 Concurrent Refinement Workers: 10
 Periodic GC: Disabled

Heap:
 garbage-first heap   total 96256K, used 28077K [0x00000000c0000000, 0x0000000100000000)
  region size 1024K, 1 young (1024K), 0 survivors (0K)
 Metaspace       used 57739K, committed 58240K, reserved 1114112K
  class space    used 7124K, committed 7360K, reserved 1048576K

Heap Regions: E=young(eden), S=young(survivor), O=old, HS=humongous(starts), HC=humongous(continues), CS=collection set, F=free, OA=open archive, CA=closed archive, TAMS=top-at-mark-start (previous, next)
|   0|0x00000000c0000000, 0x00000000c0100000, 0x00000000c0100000|100%|HS|  |TAMS 0x00000000c0100000, 0x00000000c0000000| Untracked 
|   1|0x00000000c0100000, 0x00000000c0200000, 0x00000000c0200000|100%|HC|  |TAMS 0x00000000c0200000, 0x00000000c0100000| Untracked 
|   2|0x00000000c0200000, 0x00000000c0300000, 0x00000000c0300000|100%|HC|  |TAMS 0x00000000c0300000, 0x00000000c0200000| Untracked 
|   3|0x00000000c0300000, 0x00000000c0400000, 0x00000000c0400000|100%|HC|  |TAMS 0x00000000c0400000, 0x00000000c0300000| Untracked 
|   4|0x00000000c0400000, 0x00000000c04ffff0, 0x00000000c0500000| 99%| O|  |TAMS 0x00000000c04ffff0, 0x00000000c0400000| Untracked 
|   5|0x00000000c0500000, 0x00000000c05fffe8, 0x00000000c0600000| 99%| O|  |TAMS 0x00000000c05fffe8, 0x00000000c0500000| Untracked 
|   6|0x00000000c0600000, 0x00000000c06fffe8, 0x00000000c0700000| 99%| O|  |TAMS 0x00000000c06fffe8, 0x00000000c0600000| Untracked 
|   7|0x00000000c0700000, 0x00000000c0800000, 0x00000000c0800000|100%| O|  |TAMS 0x00000000c0800000, 0x00000000c0700000| Untracked 
|   8|0x00000000c0800000, 0x00000000c0900000, 0x00000000c0900000|100%| O|  |TAMS 0x00000000c0900000, 0x00000000c0800000| Untracked 
|   9|0x00000000c0900000, 0x00000000c09fffb0, 0x00000000c0a00000| 99%| O|  |TAMS 0x00000000c09fffb0, 0x00000000c0900000| Untracked 
|  10|0x00000000c0a00000, 0x00000000c0afffd8, 0x00000000c0b00000| 99%| O|  |TAMS 0x00000000c0afffd8, 0x00000000c0a00000| Untracked 
|  11|0x00000000c0b00000, 0x00000000c0c00000, 0x00000000c0c00000|100%| O|  |TAMS 0x00000000c0c00000, 0x00000000c0b00000| Untracked 
|  12|0x00000000c0c00000, 0x00000000c0d00000, 0x00000000c0d00000|100%| O|  |TAMS 0x00000000c0d00000, 0x00000000c0c00000| Untracked 
|  13|0x00000000c0d00000, 0x00000000c0dfffd0, 0x00000000c0e00000| 99%| O|  |TAMS 0x00000000c0dfffd0, 0x00000000c0d00000| Untracked 
|  14|0x00000000c0e00000, 0x00000000c0effb20, 0x00000000c0f00000| 99%| O|  |TAMS 0x00000000c0effb20, 0x00000000c0e00000| Untracked 
|  15|0x00000000c0f00000, 0x00000000c0fffff0, 0x00000000c1000000| 99%| O|  |TAMS 0x00000000c0fffff0, 0x00000000c0f00000| Untracked 
|  16|0x00000000c1000000, 0x00000000c1100000, 0x00000000c1100000|100%| O|  |TAMS 0x00000000c1100000, 0x00000000c1000000| Untracked 
|  17|0x00000000c1100000, 0x00000000c11fffa0, 0x00000000c1200000| 99%| O|  |TAMS 0x00000000c11fffa0, 0x00000000c1100000| Untracked 
|  18|0x00000000c1200000, 0x00000000c1300000, 0x00000000c1300000|100%| O|  |TAMS 0x00000000c1300000, 0x00000000c1200000| Untracked 
|  19|0x00000000c1300000, 0x00000000c1400000, 0x00000000c1400000|100%| O|  |TAMS 0x00000000c1400000, 0x00000000c1300000| Untracked 
|  20|0x00000000c1400000, 0x00000000c14fffe8, 0x00000000c1500000| 99%| O|  |TAMS 0x00000000c14fffe8, 0x00000000c1400000| Untracked 
|  21|0x00000000c1500000, 0x00000000c15ffff0, 0x00000000c1600000| 99%| O|  |TAMS 0x00000000c15ffff0, 0x00000000c1500000| Untracked 
|  22|0x00000000c1600000, 0x00000000c16fe0d0, 0x00000000c1700000| 99%| O|  |TAMS 0x00000000c16fe0d0, 0x00000000c1600000| Untracked 
|  23|0x00000000c1700000, 0x00000000c17fffd8, 0x00000000c1800000| 99%| O|  |TAMS 0x00000000c17fffd8, 0x00000000c1700000| Untracked 
|  24|0x00000000c1800000, 0x00000000c18fffd8, 0x00000000c1900000| 99%| O|  |TAMS 0x00000000c18fffd8, 0x00000000c1800000| Untracked 
|  25|0x00000000c1900000, 0x00000000c19fffd0, 0x00000000c1a00000| 99%| O|  |TAMS 0x00000000c19fffd0, 0x00000000c1900000| Untracked 
|  26|0x00000000c1a00000, 0x00000000c1affff0, 0x00000000c1b00000| 99%| O|  |TAMS 0x00000000c1affff0, 0x00000000c1a00000| Untracked 
|  27|0x00000000c1b00000, 0x00000000c1b6dca8, 0x00000000c1c00000| 42%| O|  |TAMS 0x00000000c1b00000, 0x00000000c1b00000| Untracked 
|  28|0x00000000c1c00000, 0x00000000c1c00068, 0x00000000c1d00000|  0%| O|  |TAMS 0x00000000c1c00000, 0x00000000c1c00000| Untracked 
|  29|0x00000000c1d00000, 0x00000000c1d00000, 0x00000000c1e00000|  0%| F|  |TAMS 0x00000000c1d00000, 0x00000000c1d00000| Untracked 
|  30|0x00000000c1e00000, 0x00000000c1e00000, 0x00000000c1f00000|  0%| F|  |TAMS 0x00000000c1e00000, 0x00000000c1e00000| Untracked 
|  31|0x00000000c1f00000, 0x00000000c1f00000, 0x00000000c2000000|  0%| F|  |TAMS 0x00000000c1f00000, 0x00000000c1f00000| Untracked 
|  32|0x00000000c2000000, 0x00000000c2000000, 0x00000000c2100000|  0%| F|  |TAMS 0x00000000c2000000, 0x00000000c2000000| Untracked 
|  33|0x00000000c2100000, 0x00000000c2100000, 0x00000000c2200000|  0%| F|  |TAMS 0x00000000c2100000, 0x00000000c2100000| Untracked 
|  34|0x00000000c2200000, 0x00000000c2200000, 0x00000000c2300000|  0%| F|  |TAMS 0x00000000c2200000, 0x00000000c2200000| Untracked 
|  35|0x00000000c2300000, 0x00000000c2300000, 0x00000000c2400000|  0%| F|  |TAMS 0x00000000c2300000, 0x00000000c2300000| Untracked 
|  36|0x00000000c2400000, 0x00000000c2400000, 0x00000000c2500000|  0%| F|  |TAMS 0x00000000c2400000, 0x00000000c2400000| Untracked 
|  37|0x00000000c2500000, 0x00000000c2500000, 0x00000000c2600000|  0%| F|  |TAMS 0x00000000c2500000, 0x00000000c2500000| Untracked 
|  38|0x00000000c2600000, 0x00000000c2600000, 0x00000000c2700000|  0%| F|  |TAMS 0x00000000c2600000, 0x00000000c2600000| Untracked 
|  39|0x00000000c2700000, 0x00000000c2700000, 0x00000000c2800000|  0%| F|  |TAMS 0x00000000c2700000, 0x00000000c2700000| Untracked 
|  40|0x00000000c2800000, 0x00000000c2800000, 0x00000000c2900000|  0%| F|  |TAMS 0x00000000c2800000, 0x00000000c2800000| Untracked 
|  41|0x00000000c2900000, 0x00000000c2900000, 0x00000000c2a00000|  0%| F|  |TAMS 0x00000000c2900000, 0x00000000c2900000| Untracked 
|  42|0x00000000c2a00000, 0x00000000c2a00000, 0x00000000c2b00000|  0%| F|  |TAMS 0x00000000c2a00000, 0x00000000c2a00000| Untracked 
|  43|0x00000000c2b00000, 0x00000000c2b00000, 0x00000000c2c00000|  0%| F|  |TAMS 0x00000000c2b00000, 0x00000000c2b00000| Untracked 
|  44|0x00000000c2c00000, 0x00000000c2c00000, 0x00000000c2d00000|  0%| F|  |TAMS 0x00000000c2c00000, 0x00000000c2c00000| Untracked 
|  45|0x00000000c2d00000, 0x00000000c2d00000, 0x00000000c2e00000|  0%| F|  |TAMS 0x00000000c2d00000, 0x00000000c2d00000| Untracked 
|  46|0x00000000c2e00000, 0x00000000c2e00000, 0x00000000c2f00000|  0%| F|  |TAMS 0x00000000c2e00000, 0x00000000c2e00000| Untracked 
|  47|0x00000000c2f00000, 0x00000000c2f00000, 0x00000000c3000000|  0%| F|  |TAMS 0x00000000c2f00000, 0x00000000c2f00000| Untracked 
|  48|0x00000000c3000000, 0x00000000c3000000, 0x00000000c3100000|  0%| F|  |TAMS 0x00000000c3000000, 0x00000000c3000000| Untracked 
|  49|0x00000000c3100000, 0x00000000c3100000, 0x00000000c3200000|  0%| F|  |TAMS 0x00000000c3100000, 0x00000000c3100000| Untracked 
|  50|0x00000000c3200000, 0x00000000c3200000, 0x00000000c3300000|  0%| F|  |TAMS 0x00000000c3200000, 0x00000000c3200000| Untracked 
|  51|0x00000000c3300000, 0x00000000c3300000, 0x00000000c3400000|  0%| F|  |TAMS 0x00000000c3300000, 0x00000000c3300000| Untracked 
|  52|0x00000000c3400000, 0x00000000c3400000, 0x00000000c3500000|  0%| F|  |TAMS 0x00000000c3400000, 0x00000000c3400000| Untracked 
|  53|0x00000000c3500000, 0x00000000c3500000, 0x00000000c3600000|  0%| F|  |TAMS 0x00000000c3500000, 0x00000000c3500000| Untracked 
|  54|0x00000000c3600000, 0x00000000c3600000, 0x00000000c3700000|  0%| F|  |TAMS 0x00000000c3600000, 0x00000000c3600000| Untracked 
|  55|0x00000000c3700000, 0x00000000c3700000, 0x00000000c3800000|  0%| F|  |TAMS 0x00000000c3700000, 0x00000000c3700000| Untracked 
|  56|0x00000000c3800000, 0x00000000c3800000, 0x00000000c3900000|  0%| F|  |TAMS 0x00000000c3800000, 0x00000000c3800000| Untracked 
|  57|0x00000000c3900000, 0x00000000c3900000, 0x00000000c3a00000|  0%| F|  |TAMS 0x00000000c3900000, 0x00000000c3900000| Untracked 
|  58|0x00000000c3a00000, 0x00000000c3a00000, 0x00000000c3b00000|  0%| F|  |TAMS 0x00000000c3a00000, 0x00000000c3a00000| Untracked 
|  59|0x00000000c3b00000, 0x00000000c3b00000, 0x00000000c3c00000|  0%| F|  |TAMS 0x00000000c3b00000, 0x00000000c3b00000| Untracked 
|  60|0x00000000c3c00000, 0x00000000c3c00000, 0x00000000c3d00000|  0%| F|  |TAMS 0x00000000c3c00000, 0x00000000c3c00000| Untracked 
|  61|0x00000000c3d00000, 0x00000000c3d00000, 0x00000000c3e00000|  0%| F|  |TAMS 0x00000000c3d00000, 0x00000000c3d00000| Untracked 
|  62|0x00000000c3e00000, 0x00000000c3e00000, 0x00000000c3f00000|  0%| F|  |TAMS 0x00000000c3e00000, 0x00000000c3e00000| Untracked 
|  63|0x00000000c3f00000, 0x00000000c3f00000, 0x00000000c4000000|  0%| F|  |TAMS 0x00000000c3f00000, 0x00000000c3f00000| Untracked 
|  64|0x00000000c4000000, 0x00000000c4000000, 0x00000000c4100000|  0%| F|  |TAMS 0x00000000c4000000, 0x00000000c4000000| Untracked 
|  65|0x00000000c4100000, 0x00000000c4100000, 0x00000000c4200000|  0%| F|  |TAMS 0x00000000c4100000, 0x00000000c4100000| Untracked 
|  66|0x00000000c4200000, 0x00000000c4200000, 0x00000000c4300000|  0%| F|  |TAMS 0x00000000c4200000, 0x00000000c4200000| Untracked 
|  67|0x00000000c4300000, 0x00000000c4300000, 0x00000000c4400000|  0%| F|  |TAMS 0x00000000c4300000, 0x00000000c4300000| Untracked 
|  68|0x00000000c4400000, 0x00000000c4400000, 0x00000000c4500000|  0%| F|  |TAMS 0x00000000c4400000, 0x00000000c4400000| Untracked 
|  69|0x00000000c4500000, 0x00000000c4500000, 0x00000000c4600000|  0%| F|  |TAMS 0x00000000c4500000, 0x00000000c4500000| Untracked 
|  70|0x00000000c4600000, 0x00000000c4600000, 0x00000000c4700000|  0%| F|  |TAMS 0x00000000c4600000, 0x00000000c4600000| Untracked 
|  71|0x00000000c4700000, 0x00000000c4700000, 0x00000000c4800000|  0%| F|  |TAMS 0x00000000c4700000, 0x00000000c4700000| Untracked 
|  72|0x00000000c4800000, 0x00000000c4800000, 0x00000000c4900000|  0%| F|  |TAMS 0x00000000c4800000, 0x00000000c4800000| Untracked 
|  73|0x00000000c4900000, 0x00000000c4900000, 0x00000000c4a00000|  0%| F|  |TAMS 0x00000000c4900000, 0x00000000c4900000| Untracked 
|  74|0x00000000c4a00000, 0x00000000c4a00000, 0x00000000c4b00000|  0%| F|  |TAMS 0x00000000c4a00000, 0x00000000c4a00000| Untracked 
|  75|0x00000000c4b00000, 0x00000000c4b00000, 0x00000000c4c00000|  0%| F|  |TAMS 0x00000000c4b00000, 0x00000000c4b00000| Untracked 
|  76|0x00000000c4c00000, 0x00000000c4c00000, 0x00000000c4d00000|  0%| F|  |TAMS 0x00000000c4c00000, 0x00000000c4c00000| Untracked 
|  77|0x00000000c4d00000, 0x00000000c4d00000, 0x00000000c4e00000|  0%| F|  |TAMS 0x00000000c4d00000, 0x00000000c4d00000| Untracked 
|  78|0x00000000c4e00000, 0x00000000c4e00000, 0x00000000c4f00000|  0%| F|  |TAMS 0x00000000c4e00000, 0x00000000c4e00000| Untracked 
|  79|0x00000000c4f00000, 0x00000000c4f00000, 0x00000000c5000000|  0%| F|  |TAMS 0x00000000c4f00000, 0x00000000c4f00000| Untracked 
|  80|0x00000000c5000000, 0x00000000c5000000, 0x00000000c5100000|  0%| F|  |TAMS 0x00000000c5000000, 0x00000000c5000000| Untracked 
|  81|0x00000000c5100000, 0x00000000c5100000, 0x00000000c5200000|  0%| F|  |TAMS 0x00000000c5100000, 0x00000000c5100000| Untracked 
|  82|0x00000000c5200000, 0x00000000c5200000, 0x00000000c5300000|  0%| F|  |TAMS 0x00000000c5200000, 0x00000000c5200000| Untracked 
|  83|0x00000000c5300000, 0x00000000c5300000, 0x00000000c5400000|  0%| F|  |TAMS 0x00000000c5300000, 0x00000000c5300000| Untracked 
|  84|0x00000000c5400000, 0x00000000c5400000, 0x00000000c5500000|  0%| F|  |TAMS 0x00000000c5400000, 0x00000000c5400000| Untracked 
|  85|0x00000000c5500000, 0x00000000c5500000, 0x00000000c5600000|  0%| F|  |TAMS 0x00000000c5500000, 0x00000000c5500000| Untracked 
|  86|0x00000000c5600000, 0x00000000c5600000, 0x00000000c5700000|  0%| F|  |TAMS 0x00000000c5600000, 0x00000000c5600000| Untracked 
|  87|0x00000000c5700000, 0x00000000c5700000, 0x00000000c5800000|  0%| F|  |TAMS 0x00000000c5700000, 0x00000000c5700000| Untracked 
|  88|0x00000000c5800000, 0x00000000c5800000, 0x00000000c5900000|  0%| F|  |TAMS 0x00000000c5800000, 0x00000000c5800000| Untracked 
|  89|0x00000000c5900000, 0x00000000c5900000, 0x00000000c5a00000|  0%| F|  |TAMS 0x00000000c5900000, 0x00000000c5900000| Untracked 
|  90|0x00000000c5a00000, 0x00000000c5a00000, 0x00000000c5b00000|  0%| F|  |TAMS 0x00000000c5a00000, 0x00000000c5a00000| Untracked 
|  91|0x00000000c5b00000, 0x00000000c5b00000, 0x00000000c5c00000|  0%| F|  |TAMS 0x00000000c5b00000, 0x00000000c5b00000| Untracked 
|  92|0x00000000c5c00000, 0x00000000c5c00000, 0x00000000c5d00000|  0%| F|  |TAMS 0x00000000c5c00000, 0x00000000c5c00000| Untracked 
|  93|0x00000000c5d00000, 0x00000000c5d23f38, 0x00000000c5e00000| 14%| E|  |TAMS 0x00000000c5d00000, 0x00000000c5d00000| Complete 

Card table byte_map: [0x000001d67d8b0000,0x000001d67dab0000] _byte_map_base: 0x000001d67d2b0000

Marking Bits (Prev, Next): (CMBitMap*) 0x000001d67a723b10, (CMBitMap*) 0x000001d67a723b50
 Prev Bits: [0x000001d67dcb0000, 0x000001d67ecb0000)
 Next Bits: [0x000001d67ecb0000, 0x000001d67fcb0000)

Polling page: 0x000001d678600000

Metaspace:

Usage:
  Non-class:     49.43 MB used.
      Class:      6.96 MB used.
       Both:     56.39 MB used.

Virtual space:
  Non-class space:       64.00 MB reserved,      49.69 MB ( 78%) committed,  1 nodes.
      Class space:        1.00 GB reserved,       7.19 MB ( <1%) committed,  1 nodes.
             Both:        1.06 GB reserved,      56.88 MB (  5%) committed. 

Chunk freelists:
   Non-Class:  14.26 MB
       Class:  8.83 MB
        Both:  23.09 MB

MaxMetaspaceSize: unlimited
CompressedClassSpaceSize: 1.00 GB
Initial GC threshold: 21.00 MB
Current GC threshold: 94.81 MB
CDS: off
MetaspaceReclaimPolicy: balanced
 - commit_granule_bytes: 65536.
 - commit_granule_words: 8192.
 - virtual_space_node_default_size: 8388608.
 - enlarge_chunks_in_place: 1.
 - new_chunks_are_fully_committed: 0.
 - uncommit_free_chunks: 1.
 - use_allocation_guard: 0.
 - handle_deallocations: 1.


Internal statistics:

num_allocs_failed_limit: 6.
num_arena_births: 650.
num_arena_deaths: 236.
num_vsnodes_births: 2.
num_vsnodes_deaths: 0.
num_space_committed: 910.
num_space_uncommitted: 0.
num_chunks_returned_to_freelist: 277.
num_chunks_taken_from_freelist: 2534.
num_chunk_merges: 96.
num_chunk_splits: 1711.
num_chunks_enlarged: 1303.
num_inconsistent_stats: 0.

CodeCache: size=49152Kb used=10705Kb max_used=11268Kb free=38446Kb
 bounds [0x000001d600000000, 0x000001d600b70000, 0x000001d603000000]
 total_blobs=6535 nmethods=5864 adapters=598
 compilation: enabled
              stopped_count=0, restarted_count=0
 full_count=0

Compilation events (20 events):
Event: 19114.244 Thread 0x000001d605a03ed0 5856   !   1       ch.qos.logback.core.OutputStreamAppender::subAppend (54 bytes)
Event: 19114.244 Thread 0x000001d60c2b9820 5857       1       ch.qos.logback.classic.spi.LoggingEvent::prepareForDeferredProcessing (16 bytes)
Event: 19114.245 Thread 0x000001d60c2b9820 nmethod 5857 0x000001d600ac8010 code [0x000001d600ac81c0, 0x000001d600ac8338]
Event: 19114.245 Thread 0x000001d60c2b9820 5858       1       ch.qos.logback.classic.util.LogbackMDCAdapter::getPropertyMap (54 bytes)
Event: 19114.246 Thread 0x000001d605a03ed0 nmethod 5856 0x000001d600ac7290 code [0x000001d600ac74c0, 0x000001d600ac7a48]
Event: 19114.246 Thread 0x000001d605a03ed0 5859       1       ch.qos.logback.core.OutputStreamAppender::writeOut (17 bytes)
Event: 19114.246 Thread 0x000001d60c2b9820 nmethod 5858 0x000001d600ac6b10 code [0x000001d600ac6ce0, 0x000001d600ac7078]
Event: 19114.246 Thread 0x000001d60c2b9820 5860       1       ch.qos.logback.core.encoder.LayoutWrappingEncoder::encode (17 bytes)
Event: 19114.246 Thread 0x000001d605a03ed0 nmethod 5859 0x000001d600ac6310 code [0x000001d600ac6500, 0x000001d600ac6838]
Event: 19114.246 Thread 0x000001d605a03ed0 5861       1       ch.qos.logback.classic.PatternLayout::doLayout (9 bytes)
Event: 19114.246 Thread 0x000001d605a03ed0 nmethod 5861 0x000001d600ac5f90 code [0x000001d600ac6120, 0x000001d600ac6268]
Event: 19114.246 Thread 0x000001d605a03ed0 5862       1       ch.qos.logback.classic.PatternLayout::doLayout (16 bytes)
Event: 19114.246 Thread 0x000001d605a03ed0 nmethod 5862 0x000001d600ac5c10 code [0x000001d600ac5dc0, 0x000001d600ac5ee8]
Event: 19114.246 Thread 0x000001d605a03ed0 5863       1       ch.qos.logback.classic.pattern.DateConverter::convert (9 bytes)
Event: 19114.246 Thread 0x000001d60c2b9820 nmethod 5860 0x000001d600ac5510 code [0x000001d600ac5700, 0x000001d600ac59e8]
Event: 19114.246 Thread 0x000001d60c2b9820 5864       1       ch.qos.logback.core.util.CachingDateFormatter::format (67 bytes)
Event: 19114.246 Thread 0x000001d605a03ed0 nmethod 5863 0x000001d600ac5090 code [0x000001d600ac5240, 0x000001d600ac53a8]
Event: 19114.247 Thread 0x000001d605a03ed0 5855       1       org.eclipse.lsp4j.jsonrpc.messages.RequestMessage::<init> (5 bytes)
Event: 19114.247 Thread 0x000001d605a03ed0 nmethod 5855 0x000001d600ac4d90 code [0x000001d600ac4f20, 0x000001d600ac5038]
Event: 19114.247 Thread 0x000001d60c2b9820 nmethod 5864 0x000001d600ac4010 code [0x000001d600ac4260, 0x000001d600ac4928]

GC Heap History (20 events):
Event: 87277.291 GC heap before
{Heap before GC invocations=8360 (full 8346):
 garbage-first heap   total 96256K, used 28077K [0x00000000c0000000, 0x0000000100000000)
  region size 1024K, 1 young (1024K), 0 survivors (0K)
 Metaspace       used 57739K, committed 58240K, reserved 1114112K
  class space    used 7124K, committed 7360K, reserved 1048576K
}
Event: 87277.312 GC heap after
{Heap after GC invocations=8361 (full 8347):
 garbage-first heap   total 96256K, used 28077K [0x00000000c0000000, 0x0000000100000000)
  region size 1024K, 0 young (0K), 0 survivors (0K)
 Metaspace       used 57739K, committed 58240K, reserved 1114112K
  class space    used 7124K, committed 7360K, reserved 1048576K
}
Event: 87287.455 GC heap before
{Heap before GC invocations=8361 (full 8347):
 garbage-first heap   total 96256K, used 28077K [0x00000000c0000000, 0x0000000100000000)
  region size 1024K, 1 young (1024K), 0 survivors (0K)
 Metaspace       used 57739K, committed 58240K, reserved 1114112K
  class space    used 7124K, committed 7360K, reserved 1048576K
}
Event: 87287.477 GC heap after
{Heap after GC invocations=8362 (full 8348):
 garbage-first heap   total 96256K, used 28077K [0x00000000c0000000, 0x0000000100000000)
  region size 1024K, 0 young (0K), 0 survivors (0K)
 Metaspace       used 57739K, committed 58240K, reserved 1114112K
  class space    used 7124K, committed 7360K, reserved 1048576K
}
Event: 87297.634 GC heap before
{Heap before GC invocations=8362 (full 8348):
 garbage-first heap   total 96256K, used 28077K [0x00000000c0000000, 0x0000000100000000)
  region size 1024K, 1 young (1024K), 0 survivors (0K)
 Metaspace       used 57739K, committed 58240K, reserved 1114112K
  class space    used 7124K, committed 7360K, reserved 1048576K
}
Event: 87297.658 GC heap after
{Heap after GC invocations=8363 (full 8349):
 garbage-first heap   total 96256K, used 28077K [0x00000000c0000000, 0x0000000100000000)
  region size 1024K, 0 young (0K), 0 survivors (0K)
 Metaspace       used 57739K, committed 58240K, reserved 1114112K
  class space    used 7124K, committed 7360K, reserved 1048576K
}
Event: 87307.851 GC heap before
{Heap before GC invocations=8363 (full 8349):
 garbage-first heap   total 96256K, used 28077K [0x00000000c0000000, 0x0000000100000000)
  region size 1024K, 1 young (1024K), 0 survivors (0K)
 Metaspace       used 57739K, committed 58240K, reserved 1114112K
  class space    used 7124K, committed 7360K, reserved 1048576K
}
Event: 87307.877 GC heap after
{Heap after GC invocations=8364 (full 8350):
 garbage-first heap   total 96256K, used 28077K [0x00000000c0000000, 0x0000000100000000)
  region size 1024K, 0 young (0K), 0 survivors (0K)
 Metaspace       used 57739K, committed 58240K, reserved 1114112K
  class space    used 7124K, committed 7360K, reserved 1048576K
}
Event: 87318.053 GC heap before
{Heap before GC invocations=8364 (full 8350):
 garbage-first heap   total 96256K, used 28077K [0x00000000c0000000, 0x0000000100000000)
  region size 1024K, 1 young (1024K), 0 survivors (0K)
 Metaspace       used 57739K, committed 58240K, reserved 1114112K
  class space    used 7124K, committed 7360K, reserved 1048576K
}
Event: 87318.074 GC heap after
{Heap after GC invocations=8365 (full 8351):
 garbage-first heap   total 96256K, used 28077K [0x00000000c0000000, 0x0000000100000000)
  region size 1024K, 0 young (0K), 0 survivors (0K)
 Metaspace       used 57739K, committed 58240K, reserved 1114112K
  class space    used 7124K, committed 7360K, reserved 1048576K
}
Event: 87328.258 GC heap before
{Heap before GC invocations=8365 (full 8351):
 garbage-first heap   total 96256K, used 28077K [0x00000000c0000000, 0x0000000100000000)
  region size 1024K, 1 young (1024K), 0 survivors (0K)
 Metaspace       used 57739K, committed 58240K, reserved 1114112K
  class space    used 7124K, committed 7360K, reserved 1048576K
}
Event: 87328.287 GC heap after
{Heap after GC invocations=8366 (full 8352):
 garbage-first heap   total 96256K, used 28077K [0x00000000c0000000, 0x0000000100000000)
  region size 1024K, 0 young (0K), 0 survivors (0K)
 Metaspace       used 57739K, committed 58240K, reserved 1114112K
  class space    used 7124K, committed 7360K, reserved 1048576K
}
Event: 87338.721 GC heap before
{Heap before GC invocations=8366 (full 8352):
 garbage-first heap   total 96256K, used 28077K [0x00000000c0000000, 0x0000000100000000)
  region size 1024K, 1 young (1024K), 0 survivors (0K)
 Metaspace       used 57739K, committed 58240K, reserved 1114112K
  class space    used 7124K, committed 7360K, reserved 1048576K
}
Event: 87338.749 GC heap after
{Heap after GC invocations=8367 (full 8353):
 garbage-first heap   total 96256K, used 28077K [0x00000000c0000000, 0x0000000100000000)
  region size 1024K, 0 young (0K), 0 survivors (0K)
 Metaspace       used 57739K, committed 58240K, reserved 1114112K
  class space    used 7124K, committed 7360K, reserved 1048576K
}
Event: 87348.920 GC heap before
{Heap before GC invocations=8367 (full 8353):
 garbage-first heap   total 96256K, used 28077K [0x00000000c0000000, 0x0000000100000000)
  region size 1024K, 1 young (1024K), 0 survivors (0K)
 Metaspace       used 57739K, committed 58240K, reserved 1114112K
  class space    used 7124K, committed 7360K, reserved 1048576K
}
Event: 87348.943 GC heap after
{Heap after GC invocations=8368 (full 8354):
 garbage-first heap   total 96256K, used 28077K [0x00000000c0000000, 0x0000000100000000)
  region size 1024K, 0 young (0K), 0 survivors (0K)
 Metaspace       used 57739K, committed 58240K, reserved 1114112K
  class space    used 7124K, committed 7360K, reserved 1048576K
}
Event: 87359.112 GC heap before
{Heap before GC invocations=8368 (full 8354):
 garbage-first heap   total 96256K, used 28077K [0x00000000c0000000, 0x0000000100000000)
  region size 1024K, 1 young (1024K), 0 survivors (0K)
 Metaspace       used 57739K, committed 58240K, reserved 1114112K
  class space    used 7124K, committed 7360K, reserved 1048576K
}
Event: 87359.138 GC heap after
{Heap after GC invocations=8369 (full 8355):
 garbage-first heap   total 96256K, used 28077K [0x00000000c0000000, 0x0000000100000000)
  region size 1024K, 0 young (0K), 0 survivors (0K)
 Metaspace       used 57739K, committed 58240K, reserved 1114112K
  class space    used 7124K, committed 7360K, reserved 1048576K
}
Event: 87369.442 GC heap before
{Heap before GC invocations=8369 (full 8355):
 garbage-first heap   total 96256K, used 28077K [0x00000000c0000000, 0x0000000100000000)
  region size 1024K, 1 young (1024K), 0 survivors (0K)
 Metaspace       used 57739K, committed 58240K, reserved 1114112K
  class space    used 7124K, committed 7360K, reserved 1048576K
}
Event: 87369.475 GC heap after
{Heap after GC invocations=8370 (full 8356):
 garbage-first heap   total 96256K, used 28077K [0x00000000c0000000, 0x0000000100000000)
  region size 1024K, 0 young (0K), 0 survivors (0K)
 Metaspace       used 57739K, committed 58240K, reserved 1114112K
  class space    used 7124K, committed 7360K, reserved 1048576K
}

Dll operation events (9 events):
Event: 0.017 Loaded shared library c:\Users\Win10\.vscode\extensions\redhat.java-1.25.1-win32-x64\jre\17.0.9-win32-x86_64\bin\java.dll
Event: 0.532 Loaded shared library C:\Users\Win10\.vscode\extensions\redhat.java-1.25.1-win32-x64\jre\17.0.9-win32-x86_64\bin\net.dll
Event: 0.538 Loaded shared library C:\Users\Win10\.vscode\extensions\redhat.java-1.25.1-win32-x64\jre\17.0.9-win32-x86_64\bin\nio.dll
Event: 0.548 Loaded shared library C:\Users\Win10\.vscode\extensions\redhat.java-1.25.1-win32-x64\jre\17.0.9-win32-x86_64\bin\zip.dll
Event: 1.300 Loaded shared library C:\Users\Win10\.vscode\extensions\redhat.java-1.25.1-win32-x64\jre\17.0.9-win32-x86_64\bin\jimage.dll
Event: 8.945 Loaded shared library c:\Users\Win10\.vscode\extensions\redhat.java-1.25.1-win32-x64\jre\17.0.9-win32-x86_64\bin\verify.dll
Event: 10.783 Loaded shared library C:\Users\Win10\.vscode\extensions\redhat.java-1.25.1-win32-x64\jre\17.0.9-win32-x86_64\bin\management.dll
Event: 10.805 Loaded shared library C:\Users\Win10\.vscode\extensions\redhat.java-1.25.1-win32-x64\jre\17.0.9-win32-x86_64\bin\management_ext.dll
Event: 12.615 Loaded shared library C:\Users\Win10\.vscode\extensions\redhat.java-1.25.1-win32-x64\jre\17.0.9-win32-x86_64\bin\sunmscapi.dll

Deoptimization events (20 events):
Event: 11.719 Thread 0x000001d60b495990 DEOPT PACKING pc=0x000001d600591997 sp=0x000000ce24afecd0
Event: 11.719 Thread 0x000001d60b495990 DEOPT UNPACKING pc=0x000001d600057143 sp=0x000000ce24afe128 mode 3
Event: 12.679 Thread 0x000001d60b4977f0 DEOPT PACKING pc=0x000001d6001e038c sp=0x000000ce24cfaed0
Event: 12.679 Thread 0x000001d60b4977f0 DEOPT UNPACKING pc=0x000001d600057143 sp=0x000000ce24cfa398 mode 0
Event: 77.167 Thread 0x000001d605ae9820 DEOPT PACKING pc=0x000001d60068bfd4 sp=0x000000ce244ff320
Event: 77.167 Thread 0x000001d605ae9820 DEOPT UNPACKING pc=0x000001d600057143 sp=0x000000ce244fe7c8 mode 0
Event: 14109.577 Thread 0x000001d60b495990 DEOPT PACKING pc=0x000001d6009c78ee sp=0x000000ce24afd2e0
Event: 14109.577 Thread 0x000001d60b495990 DEOPT UNPACKING pc=0x000001d600057143 sp=0x000000ce24afc7d8 mode 3
Event: 14109.888 Thread 0x000001d60b495990 DEOPT PACKING pc=0x000001d600803c8c sp=0x000000ce24afdec0
Event: 14109.888 Thread 0x000001d60b495990 DEOPT UNPACKING pc=0x000001d600057143 sp=0x000000ce24afd428 mode 0
Event: 14109.888 Thread 0x000001d60b495990 DEOPT PACKING pc=0x000001d600816b4c sp=0x000000ce24afdff0
Event: 14109.888 Thread 0x000001d60b495990 DEOPT UNPACKING pc=0x000001d600057143 sp=0x000000ce24afd4d0 mode 0
Event: 14109.888 Thread 0x000001d60b495990 DEOPT PACKING pc=0x000001d600803c8c sp=0x000000ce24afe120
Event: 14109.888 Thread 0x000001d60b495990 DEOPT UNPACKING pc=0x000001d600057143 sp=0x000000ce24afd688 mode 0
Event: 14109.888 Thread 0x000001d60b495990 DEOPT PACKING pc=0x000001d600816b4c sp=0x000000ce24afe250
Event: 14109.888 Thread 0x000001d60b495990 DEOPT UNPACKING pc=0x000001d600057143 sp=0x000000ce24afd748 mode 0
Event: 14109.891 Thread 0x000001d60b495990 DEOPT PACKING pc=0x000001d600803c8c sp=0x000000ce24afe5c0
Event: 14109.891 Thread 0x000001d60b495990 DEOPT UNPACKING pc=0x000001d600057143 sp=0x000000ce24afdb28 mode 0
Event: 14109.891 Thread 0x000001d60b495990 DEOPT PACKING pc=0x000001d600816b4c sp=0x000000ce24afe6f0
Event: 14109.891 Thread 0x000001d60b495990 DEOPT UNPACKING pc=0x000001d600057143 sp=0x000000ce24afdbe8 mode 0

Classes unloaded (20 events):
Event: 151.328 Thread 0x000001d605986c50 Unloading class 0x000000010008d800 'java/lang/invoke/LambdaForm$MH+0x000000010008d800'
Event: 151.328 Thread 0x000001d605986c50 Unloading class 0x000000010008d400 'java/lang/invoke/LambdaForm$MH+0x000000010008d400'
Event: 151.328 Thread 0x000001d605986c50 Unloading class 0x000000010008bc00 'java/lang/invoke/LambdaForm$MH+0x000000010008bc00'
Event: 14184.715 Thread 0x000001d605986c50 Unloading class 0x00000001003b0c00 'java/lang/invoke/LambdaForm$MH+0x00000001003b0c00'
Event: 14194.890 Thread 0x000001d605986c50 Unloading class 0x0000000100721800 'java/lang/invoke/LambdaForm$MH+0x0000000100721800'
Event: 14194.890 Thread 0x000001d605986c50 Unloading class 0x0000000100721400 'java/lang/invoke/LambdaForm$MH+0x0000000100721400'
Event: 14194.890 Thread 0x000001d605986c50 Unloading class 0x0000000100721000 'java/lang/invoke/LambdaForm$MH+0x0000000100721000'
Event: 14194.890 Thread 0x000001d605986c50 Unloading class 0x0000000100720c00 'java/lang/invoke/LambdaForm$MH+0x0000000100720c00'
Event: 14194.890 Thread 0x000001d605986c50 Unloading class 0x0000000100720800 'java/lang/invoke/LambdaForm$MH+0x0000000100720800'
Event: 14194.890 Thread 0x000001d605986c50 Unloading class 0x0000000100720400 'java/lang/invoke/LambdaForm$MH+0x0000000100720400'
Event: 14194.890 Thread 0x000001d605986c50 Unloading class 0x0000000100720000 'java/lang/invoke/LambdaForm$MH+0x0000000100720000'
Event: 14194.890 Thread 0x000001d605986c50 Unloading class 0x000000010071dc00 'java/lang/invoke/LambdaForm$MH+0x000000010071dc00'
Event: 14194.890 Thread 0x000001d605986c50 Unloading class 0x000000010071d400 'java/lang/invoke/LambdaForm$MH+0x000000010071d400'
Event: 14194.890 Thread 0x000001d605986c50 Unloading class 0x000000010071d000 'java/lang/invoke/LambdaForm$MH+0x000000010071d000'
Event: 14194.890 Thread 0x000001d605986c50 Unloading class 0x000000010071cc00 'java/lang/invoke/LambdaForm$MH+0x000000010071cc00'
Event: 14194.890 Thread 0x000001d605986c50 Unloading class 0x000000010071c800 'java/lang/invoke/LambdaForm$MH+0x000000010071c800'
Event: 14194.890 Thread 0x000001d605986c50 Unloading class 0x000000010071c400 'java/lang/invoke/LambdaForm$MH+0x000000010071c400'
Event: 14194.890 Thread 0x000001d605986c50 Unloading class 0x000000010071c000 'java/lang/invoke/LambdaForm$MH+0x000000010071c000'
Event: 14194.890 Thread 0x000001d605986c50 Unloading class 0x00000001003c4000 'java/lang/invoke/LambdaForm$MH+0x00000001003c4000'
Event: 14194.890 Thread 0x000001d605986c50 Unloading class 0x00000001003c4800 'java/lang/invoke/LambdaForm$MH+0x00000001003c4800'

Classes redefined (0 events):
No events

Internal exceptions (20 events):
Event: 12.127 Thread 0x000001d60b495990 Exception <a 'sun/nio/fs/WindowsException'{0x00000000c36206c8}> (0x00000000c36206c8) 
thrown [s\src\hotspot\share\prims\jni.cpp, line 516]
Event: 12.128 Thread 0x000001d60b495990 Exception <a 'sun/nio/fs/WindowsException'{0x00000000c3621168}> (0x00000000c3621168) 
thrown [s\src\hotspot\share\prims\jni.cpp, line 516]
Event: 12.128 Thread 0x000001d60b495990 Exception <a 'sun/nio/fs/WindowsException'{0x00000000c3621bc8}> (0x00000000c3621bc8) 
thrown [s\src\hotspot\share\prims\jni.cpp, line 516]
Event: 12.128 Thread 0x000001d60b495990 Exception <a 'sun/nio/fs/WindowsException'{0x00000000c36225f0}> (0x00000000c36225f0) 
thrown [s\src\hotspot\share\prims\jni.cpp, line 516]
Event: 12.129 Thread 0x000001d60b495990 Exception <a 'sun/nio/fs/WindowsException'{0x00000000c3623158}> (0x00000000c3623158) 
thrown [s\src\hotspot\share\prims\jni.cpp, line 516]
Event: 12.129 Thread 0x000001d60b495990 Exception <a 'sun/nio/fs/WindowsException'{0x00000000c3623bf8}> (0x00000000c3623bf8) 
thrown [s\src\hotspot\share\prims\jni.cpp, line 516]
Event: 12.130 Thread 0x000001d60b495990 Exception <a 'sun/nio/fs/WindowsException'{0x00000000c3624800}> (0x00000000c3624800) 
thrown [s\src\hotspot\share\prims\jni.cpp, line 516]
Event: 12.332 Thread 0x000001d60b4977f0 Exception <a 'java/lang/NoSuchMethodError'{0x00000000c3548cd8}: 'void java.lang.invoke.DirectMethodHandle$Holder.invokeVirtual(java.lang.Object, java.lang.Object, java.lang.Object, java.lang.Object)'> (0x00000000c3548cd8) 
thrown [s\src\hotspot\share\interpreter\linkResolver.cpp, line 759]
Event: 12.537 Thread 0x000001d60b4977f0 Exception <a 'java/lang/NoSuchMethodError'{0x00000000c30b2a30}: 'java.lang.Object java.lang.invoke.DirectMethodHandle$Holder.invokeStatic(java.lang.Object, java.lang.Object, int, java.lang.Object)'> (0x00000000c30b2a30) 
thrown [s\src\hotspot\share\interpreter\linkResolver.cpp, line 759]
Event: 12.537 Thread 0x000001d60b4977f0 Exception <a 'java/lang/NoSuchMethodError'{0x00000000c30b8e10}: 'java.lang.Object java.lang.invoke.DirectMethodHandle$Holder.newInvokeSpecial(java.lang.Object, java.lang.Object, int)'> (0x00000000c30b8e10) 
thrown [s\src\hotspot\share\interpreter\linkResolver.cpp, line 759]
Event: 12.673 Thread 0x000001d60b4977f0 Exception <a 'sun/nio/fs/WindowsException'{0x00000000cdcd4660}> (0x00000000cdcd4660) 
thrown [s\src\hotspot\share\prims\jni.cpp, line 516]
Event: 50.718 Thread 0x000001d60b43e020 Exception <a 'java/lang/NoSuchMethodError'{0x00000000cfdffa78}: 'void java.lang.invoke.DirectMethodHandle$Holder.invokeStatic(java.lang.Object, long)'> (0x00000000cfdffa78) 
thrown [s\src\hotspot\share\interpreter\linkResolver.cpp, line 759]
Event: 50.718 Thread 0x000001d60b43e020 Exception <a 'java/lang/NoSuchMethodError'{0x00000000ce005638}: 'java.lang.Object java.lang.invoke.DirectMethodHandle$Holder.newInvokeSpecial(java.lang.Object, long)'> (0x00000000ce005638) 
thrown [s\src\hotspot\share\interpreter\linkResolver.cpp, line 759]
Event: 314.125 Thread 0x000001d60b4963b0 Exception <a 'java/io/IOException'{0x00000000cfea3f50}> (0x00000000cfea3f50) 
thrown [s\src\hotspot\share\prims\jni.cpp, line 516]
Event: 315.225 Thread 0x000001d60b4968c0 Exception <a 'java/io/IOException'{0x00000000cfeae390}> (0x00000000cfeae390) 
thrown [s\src\hotspot\share\prims\jni.cpp, line 516]
Event: 315.751 Thread 0x000001d60b496dd0 Exception <a 'java/io/IOException'{0x00000000cfec1dd0}> (0x00000000cfec1dd0) 
thrown [s\src\hotspot\share\prims\jni.cpp, line 516]
Event: 14108.934 Thread 0x000001d60b495990 Exception <a 'java/lang/NoSuchMethodError'{0x00000000c3644968}: 'java.lang.Object java.lang.invoke.Invokers$Holder.invoke_MT(java.lang.Object, java.lang.Object, java.lang.Object)'> (0x00000000c3644968) 
thrown [s\src\hotspot\share\interpreter\linkResolver.cpp, line 759]
Event: 14109.349 Thread 0x000001d60b495990 Exception <a 'java/lang/IncompatibleClassChangeError'{0x00000000c39b2ac8}: Found class java.lang.Object, but interface was expected> (0x00000000c39b2ac8) 
thrown [s\src\hotspot\share\interpreter\linkResolver.cpp, line 826]
Event: 14109.395 Thread 0x000001d60b495990 Exception <a 'java/lang/NoSuchMethodError'{0x00000000ce0fa160}: 'int java.lang.invoke.DirectMethodHandle$Holder.invokeSpecialIFC(java.lang.Object, java.lang.Object, java.lang.Object)'> (0x00000000ce0fa160) 
thrown [s\src\hotspot\share\interpreter\linkResolver.cpp, line 759]
Event: 14109.577 Thread 0x000001d60b495990 Implicit null exception at 0x000001d6009c76c4 to 0x000001d6009c78e9

VM Operations (20 events):
Event: 87277.312 Executing VM operation: G1CollectFull done
Event: 87287.455 Executing VM operation: G1CollectFull
Event: 87287.477 Executing VM operation: G1CollectFull done
Event: 87297.634 Executing VM operation: G1CollectFull
Event: 87297.658 Executing VM operation: G1CollectFull done
Event: 87307.851 Executing VM operation: G1CollectFull
Event: 87307.877 Executing VM operation: G1CollectFull done
Event: 87318.053 Executing VM operation: G1CollectFull
Event: 87318.074 Executing VM operation: G1CollectFull done
Event: 87328.258 Executing VM operation: G1CollectFull
Event: 87328.287 Executing VM operation: G1CollectFull done
Event: 87338.721 Executing VM operation: G1CollectFull
Event: 87338.749 Executing VM operation: G1CollectFull done
Event: 87348.920 Executing VM operation: G1CollectFull
Event: 87348.943 Executing VM operation: G1CollectFull done
Event: 87359.112 Executing VM operation: G1CollectFull
Event: 87359.138 Executing VM operation: G1CollectFull done
Event: 87369.442 Executing VM operation: G1CollectFull
Event: 87369.475 Executing VM operation: G1CollectFull done
Event: 87380.321 Executing VM operation: G1CollectFull

Events (20 events):
Event: 17128.058 Thread 0x000001d60b4963b0 Thread added: 0x000001d60b4963b0
Event: 17188.068 Thread 0x000001d60b4963b0 Thread exited: 0x000001d60b4963b0
Event: 18014.638 Thread 0x000001d60b498720 Thread added: 0x000001d60b498720
Event: 18074.645 Thread 0x000001d60b498720 Thread exited: 0x000001d60b498720
Event: 18092.110 Thread 0x000001d60b4963b0 Thread added: 0x000001d60b4963b0
Event: 18152.116 Thread 0x000001d60b4963b0 Thread exited: 0x000001d60b4963b0
Event: 18210.631 Thread 0x000001d60b496dd0 Thread added: 0x000001d60b496dd0
Event: 18270.645 Thread 0x000001d60b496dd0 Thread exited: 0x000001d60b496dd0
Event: 18319.427 Thread 0x000001d60b4963b0 Thread added: 0x000001d60b4963b0
Event: 18379.432 Thread 0x000001d60b4963b0 Thread exited: 0x000001d60b4963b0
Event: 18469.336 Thread 0x000001d60b4972e0 Thread added: 0x000001d60b4972e0
Event: 18529.345 Thread 0x000001d60b4972e0 Thread exited: 0x000001d60b4972e0
Event: 18655.596 Thread 0x000001d60b4968c0 Thread added: 0x000001d60b4968c0
Event: 18723.824 Thread 0x000001d60b4968c0 Thread exited: 0x000001d60b4968c0
Event: 18795.948 Thread 0x000001d60b4963b0 Thread added: 0x000001d60b4963b0
Event: 18876.227 Thread 0x000001d60b4963b0 Thread exited: 0x000001d60b4963b0
Event: 18922.482 Thread 0x000001d60b4972e0 Thread added: 0x000001d60b4972e0
Event: 19114.244 Thread 0x000001d60c2b9820 Thread added: 0x000001d60c2b9820
Event: 19119.248 Thread 0x000001d60c2b9820 Thread exited: 0x000001d60c2b9820
Event: 19174.245 Thread 0x000001d60b4972e0 Thread exited: 0x000001d60b4972e0


Dynamic libraries:
0x00007ff6d2900000 - 0x00007ff6d290e000 	c:\Users\Win10\.vscode\extensions\redhat.java-1.25.1-win32-x64\jre\17.0.9-win32-x86_64\bin\java.exe
0x00007ffc28310000 - 0x00007ffc28508000 	C:\WINDOWS\SYSTEM32\ntdll.dll
0x00007ffc28100000 - 0x00007ffc281bd000 	C:\WINDOWS\System32\KERNEL32.DLL
0x00007ffc25aa0000 - 0x00007ffc25d96000 	C:\WINDOWS\System32\KERNELBASE.dll
0x00007ffc26110000 - 0x00007ffc26210000 	C:\WINDOWS\System32\ucrtbase.dll
0x00007ffbfaa60000 - 0x00007ffbfaa77000 	c:\Users\Win10\.vscode\extensions\redhat.java-1.25.1-win32-x64\jre\17.0.9-win32-x86_64\bin\jli.dll
0x00007ffc045a0000 - 0x00007ffc045bb000 	c:\Users\Win10\.vscode\extensions\redhat.java-1.25.1-win32-x64\jre\17.0.9-win32-x86_64\bin\VCRUNTIME140.dll
0x00007ffc27d70000 - 0x00007ffc27f0e000 	C:\WINDOWS\System32\USER32.dll
0x00007ffc25fc0000 - 0x00007ffc25fe2000 	C:\WINDOWS\System32\win32u.dll
0x00007ffc282a0000 - 0x00007ffc282cc000 	C:\WINDOWS\System32\GDI32.dll
0x00007ffc25ff0000 - 0x00007ffc2610a000 	C:\WINDOWS\System32\gdi32full.dll
0x00007ffc25da0000 - 0x00007ffc25e3d000 	C:\WINDOWS\System32\msvcp_win.dll
0x00007ffc10720000 - 0x00007ffc109ba000 	C:\WINDOWS\WinSxS\amd64_microsoft.windows.common-controls_6595b64144ccf1df_6.0.19041.3636_none_60b6a03d71f818d5\COMCTL32.dll
0x00007ffc26e90000 - 0x00007ffc26f2e000 	C:\WINDOWS\System32\msvcrt.dll
0x00007ffc26650000 - 0x00007ffc26680000 	C:\WINDOWS\System32\IMM32.DLL
0x00007ffc10d80000 - 0x00007ffc10d8c000 	c:\Users\Win10\.vscode\extensions\redhat.java-1.25.1-win32-x64\jre\17.0.9-win32-x86_64\bin\vcruntime140_1.dll
0x00007ffbf3920000 - 0x00007ffbf39ad000 	c:\Users\Win10\.vscode\extensions\redhat.java-1.25.1-win32-x64\jre\17.0.9-win32-x86_64\bin\msvcp140.dll
0x00007ffbe8e60000 - 0x00007ffbe9ac1000 	c:\Users\Win10\.vscode\extensions\redhat.java-1.25.1-win32-x64\jre\17.0.9-win32-x86_64\bin\server\jvm.dll
0x00007ffc27ad0000 - 0x00007ffc27b7f000 	C:\WINDOWS\System32\ADVAPI32.dll
0x00007ffc26400000 - 0x00007ffc2649c000 	C:\WINDOWS\System32\sechost.dll
0x00007ffc27b90000 - 0x00007ffc27cb6000 	C:\WINDOWS\System32\RPCRT4.dll
0x00007ffc15aa0000 - 0x00007ffc15ac7000 	C:\WINDOWS\SYSTEM32\WINMM.dll
0x00007ffc24fa0000 - 0x00007ffc24feb000 	C:\WINDOWS\SYSTEM32\POWRPROF.dll
0x00007ffc0d920000 - 0x00007ffc0d929000 	C:\WINDOWS\SYSTEM32\WSOCK32.dll
0x00007ffc1fbe0000 - 0x00007ffc1fbea000 	C:\WINDOWS\SYSTEM32\VERSION.dll
0x00007ffc26390000 - 0x00007ffc263fb000 	C:\WINDOWS\System32\WS2_32.dll
0x00007ffc24e50000 - 0x00007ffc24e62000 	C:\WINDOWS\SYSTEM32\UMPDC.dll
0x00007ffc238d0000 - 0x00007ffc238e2000 	C:\WINDOWS\SYSTEM32\kernel.appcore.dll
0x00007ffc10180000 - 0x00007ffc1018a000 	c:\Users\Win10\.vscode\extensions\redhat.java-1.25.1-win32-x64\jre\17.0.9-win32-x86_64\bin\jimage.dll
0x00007ffc11bf0000 - 0x00007ffc11dd4000 	C:\WINDOWS\SYSTEM32\DBGHELP.DLL
0x00007ffbfeab0000 - 0x00007ffbfeae4000 	C:\WINDOWS\SYSTEM32\dbgcore.DLL
0x00007ffc25ec0000 - 0x00007ffc25f42000 	C:\WINDOWS\System32\bcryptPrimitives.dll
0x00007ffbfa4c0000 - 0x00007ffbfa4e5000 	c:\Users\Win10\.vscode\extensions\redhat.java-1.25.1-win32-x64\jre\17.0.9-win32-x86_64\bin\java.dll
0x00007ffbfa470000 - 0x00007ffbfa488000 	c:\Users\Win10\.vscode\extensions\redhat.java-1.25.1-win32-x64\jre\17.0.9-win32-x86_64\bin\zip.dll
0x00007ffc27020000 - 0x00007ffc27765000 	C:\WINDOWS\System32\SHELL32.dll
0x00007ffc23ad0000 - 0x00007ffc2426b000 	C:\WINDOWS\SYSTEM32\windows.storage.dll
0x00007ffc27770000 - 0x00007ffc27ac4000 	C:\WINDOWS\System32\combase.dll
0x00007ffc25430000 - 0x00007ffc2545d000 	C:\WINDOWS\SYSTEM32\Wldp.dll
0x00007ffc27fd0000 - 0x00007ffc2807d000 	C:\WINDOWS\System32\SHCORE.dll
0x00007ffc27f70000 - 0x00007ffc27fc5000 	C:\WINDOWS\System32\shlwapi.dll
0x00007ffc25920000 - 0x00007ffc25945000 	C:\WINDOWS\SYSTEM32\profapi.dll
0x00007ffbfa2e0000 - 0x00007ffbfa2f9000 	C:\Users\Win10\.vscode\extensions\redhat.java-1.25.1-win32-x64\jre\17.0.9-win32-x86_64\bin\net.dll
0x00007ffc1f4f0000 - 0x00007ffc1f5fa000 	C:\WINDOWS\SYSTEM32\WINHTTP.dll
0x00007ffc25190000 - 0x00007ffc251fa000 	C:\WINDOWS\system32\mswsock.dll
0x00007ffc0d8b0000 - 0x00007ffc0d8c6000 	C:\Users\Win10\.vscode\extensions\redhat.java-1.25.1-win32-x64\jre\17.0.9-win32-x86_64\bin\nio.dll
0x00007ffc25380000 - 0x00007ffc25398000 	C:\WINDOWS\SYSTEM32\CRYPTSP.dll
0x00007ffc249f0000 - 0x00007ffc24a24000 	C:\WINDOWS\system32\rsaenh.dll
0x00007ffc25e40000 - 0x00007ffc25e67000 	C:\WINDOWS\System32\bcrypt.dll
0x00007ffc258a0000 - 0x00007ffc258ce000 	C:\WINDOWS\SYSTEM32\USERENV.dll
0x00007ffc253a0000 - 0x00007ffc253ac000 	C:\WINDOWS\SYSTEM32\CRYPTBASE.dll
0x00007ffc24e10000 - 0x00007ffc24e4b000 	C:\WINDOWS\SYSTEM32\IPHLPAPI.DLL
0x00007ffc27b80000 - 0x00007ffc27b88000 	C:\WINDOWS\System32\NSI.dll
0x00007ffc1fbf0000 - 0x00007ffc1fc07000 	C:\WINDOWS\SYSTEM32\dhcpcsvc6.DLL
0x00007ffc1fdf0000 - 0x00007ffc1fe0d000 	C:\WINDOWS\SYSTEM32\dhcpcsvc.DLL
0x00007ffc24e80000 - 0x00007ffc24f4a000 	C:\WINDOWS\SYSTEM32\DNSAPI.dll
0x00007ffc0f370000 - 0x00007ffc0f380000 	c:\Users\Win10\.vscode\extensions\redhat.java-1.25.1-win32-x64\jre\17.0.9-win32-x86_64\bin\verify.dll
0x00007ffc05000000 - 0x00007ffc05009000 	C:\Users\Win10\.vscode\extensions\redhat.java-1.25.1-win32-x64\jre\17.0.9-win32-x86_64\bin\management.dll
0x00007ffc03010000 - 0x00007ffc0301b000 	C:\Users\Win10\.vscode\extensions\redhat.java-1.25.1-win32-x64\jre\17.0.9-win32-x86_64\bin\management_ext.dll
0x00007ffc27000000 - 0x00007ffc27008000 	C:\WINDOWS\System32\PSAPI.DLL
0x00007ffc0e2c0000 - 0x00007ffc0e2ce000 	C:\Users\Win10\.vscode\extensions\redhat.java-1.25.1-win32-x64\jre\17.0.9-win32-x86_64\bin\sunmscapi.dll
0x00007ffc26210000 - 0x00007ffc2636d000 	C:\WINDOWS\System32\CRYPT32.dll
0x00007ffc254a0000 - 0x00007ffc254c7000 	C:\WINDOWS\SYSTEM32\ncrypt.dll
0x00007ffc25460000 - 0x00007ffc2549b000 	C:\WINDOWS\SYSTEM32\NTASN1.dll
0x00007ffc1dec0000 - 0x00007ffc1deca000 	C:\Windows\System32\rasadhlp.dll
0x00007ffc11500000 - 0x00007ffc11580000 	C:\WINDOWS\System32\fwpuclnt.dll

dbghelp: loaded successfully - version: 4.0.5 - missing functions: none
symbol engine: initialized successfully - sym options: 0x614 - pdb path: .;c:\Users\Win10\.vscode\extensions\redhat.java-1.25.1-win32-x64\jre\17.0.9-win32-x86_64\bin;C:\WINDOWS\SYSTEM32;C:\WINDOWS\WinSxS\amd64_microsoft.windows.common-controls_6595b64144ccf1df_6.0.19041.3636_none_60b6a03d71f818d5;c:\Users\Win10\.vscode\extensions\redhat.java-1.25.1-win32-x64\jre\17.0.9-win32-x86_64\bin\server

VM Arguments:
jvm_args: -XX:+HeapDumpOnOutOfMemoryError -Xmx1024m -Dsts.lsp.client=vscode -Dsts.log.file=/dev/null -XX:TieredStopAtLevel=1 -Xlog:jni+resolve=off -Dspring.config.location=file:c:\Users\Win10\.vscode\extensions\vmware.vscode-spring-boot-1.51.0\language-server\BOOT-INF\classes\application.properties 
java_command: org.springframework.ide.vscode.boot.app.BootLanguageServerBootApp
java_class_path (initial): c:\Users\Win10\.vscode\extensions\vmware.vscode-spring-boot-1.51.0\language-server\BOOT-INF\classes;c:\Users\Win10\.vscode\extensions\vmware.vscode-spring-boot-1.51.0\language-server\BOOT-INF\lib\annotations-24.1.0.jar;c:\Users\Win10\.vscode\extensions\vmware.vscode-spring-boot-1.51.0\language-server\BOOT-INF\lib\antlr-runtime-3.5.3.jar;c:\Users\Win10\.vscode\extensions\vmware.vscode-spring-boot-1.51.0\language-server\BOOT-INF\lib\antlr4-4.11.1.jar;c:\Users\Win10\.vscode\extensions\vmware.vscode-spring-boot-1.51.0\language-server\BOOT-INF\lib\antlr4-runtime-4.11.1.jar;c:\Users\Win10\.vscode\extensions\vmware.vscode-spring-boot-1.51.0\language-server\BOOT-INF\lib\asm-9.6.jar;c:\Users\Win10\.vscode\extensions\vmware.vscode-spring-boot-1.51.0\language-server\BOOT-INF\lib\asm-analysis-9.6.jar;c:\Users\Win10\.vscode\extensions\vmware.vscode-spring-boot-1.51.0\language-server\BOOT-INF\lib\asm-tree-9.6.jar;c:\Users\Win10\.vscode\extensions\vmware.vscode-spring-boot-1.51.0\language-server\BOOT-INF\lib\asm-util-9.6.jar;c:\Users\Win10\.vscode\extensions\vmware.vscode-spring-boot-1.51.0\language-server\BOOT-INF\lib\bosh-language-server-1.51.0-SNAPSHOT.jar;c:\Users\Win10\.vscode\extensions\vmware.vscode-spring-boot-1.51.0\language-server\BOOT-INF\lib\caffeine-3.1.8.jar;c:\Users\Win10\.vscode\extensions\vmware.vscode-spring-boot-1.51.0\language-server\BOOT-INF\lib\checker-qual-3.12.0.jar;c:\Users\Win10\.vscode\extensions\vmware.vscode-spring-boot-1.51.0\language-server\BOOT-INF\lib\classgraph-4.8.149.jar;c:\Users\Win10\.vscode\extensions\vmware.vscode-spring-boot-1.51.0\language-server\BOOT-INF\lib\commons-codec-1.15.jar;c:\Users\Win10\.vscode\extensions\vmware.vscode-spring-boot-1.51.0\language-server\BOOT-INF\lib\commons-compress-1.25.0.jar;c:\Users\Win10\.vscode\extensions\vmware.vscode-spring-boot-1.51.0\language-server\BOOT-INF\lib\commons-io-2.4.jar;c:\Users\Win10\.vscode\extensions\vmware.vscode-spring-boot-1.51.0\language-server\BOOT-INF\lib\
Launcher Type: SUN_STANDARD

[Global flags]
     intx CICompilerCount                          = 4                                         {product} {ergonomic}
     uint ConcGCThreads                            = 3                                         {product} {ergonomic}
     uint G1ConcRefinementThreads                  = 10                                        {product} {ergonomic}
   size_t G1HeapRegionSize                         = 1048576                                   {product} {ergonomic}
    uintx GCDrainStackTargetSize                   = 64                                        {product} {ergonomic}
     bool HeapDumpOnOutOfMemoryError               = true                                   {manageable} {command line}
   size_t InitialHeapSize                          = 268435456                                 {product} {ergonomic}
   size_t MarkStackSize                            = 4194304                                   {product} {ergonomic}
   size_t MaxHeapSize                              = 1073741824                                {product} {command line}
   size_t MaxNewSize                               = 643825664                                 {product} {ergonomic}
   size_t MinHeapDeltaBytes                        = 1048576                                   {product} {ergonomic}
   size_t MinHeapSize                              = 8388608                                   {product} {ergonomic}
    uintx NonProfiledCodeHeapSize                  = 0                                      {pd product} {ergonomic}
     bool ProfileInterpreter                       = false                                  {pd product} {command line}
    uintx ProfiledCodeHeapSize                     = 0                                      {pd product} {ergonomic}
   size_t SoftMaxHeapSize                          = 1073741824                             {manageable} {ergonomic}
     intx TieredStopAtLevel                        = 1                                         {product} {command line}
     bool UseCompressedClassPointers               = true                           {product lp64_product} {ergonomic}
     bool UseCompressedOops                        = true                           {product lp64_product} {ergonomic}
     bool UseG1GC                                  = true                                      {product} {ergonomic}
     bool UseLargePagesIndividualAllocation        = false                                  {pd product} {ergonomic}

Logging:
Log output configuration:
 #0: stdout all=warning,jni+resolve=off uptime,level,tags
 #1: stderr all=off uptime,level,tags

Environment Variables:
PATH=C:\app\Win10\product\18.0.0\dbhomeXE\bin;C:\Users\Win10\Desktop\Python\WINDOWS.X64_193000_db_home\bin;C:\Program Files\Common Files\Oracle\Java\javapath;C:\Program Files (x86)\NAT Service;C:\Program Files (x86)\Intel\Intel(R) Management Engine Components\iCLS\;C:\Program Files\Intel\Intel(R) Management Engine Components\iCLS\;C:\Windows\system32;C:\Windows;C:\Windows\System32\Wbem;C:\Windows\System32\WindowsPowerShell\v1.0\;C:\Windows\System32\OpenSSH\;C:\Program Files (x86)\Intel\Intel(R) Management Engine Components\DAL;C:\Program Files\Intel\Intel(R) Management Engine Components\DAL;C:\Program Files (x86)\Intel\Intel(R) Management Engine Components\IPT;C:\Program Files\Intel\Intel(R) Management Engine Components\IPT;C:\Program Files (x86)\NVIDIA Corporation\PhysX\Common;C:\WINDOWS\system32;C:\WINDOWS;C:\WINDOWS\System32\Wbem;C:\WINDOWS\System32\WindowsPowerShell\v1.0\;C:\WINDOWS\System32\OpenSSH\;C:\Program Files\ojdkbuild\java-11-openjdk-11.0.15-1\bin;C:\Program Files\Git\cmd;C:\Program Files\nodejs\;C:\Users\Win10\AppData\Local\Programs\Python\Python310\Scripts\;C:\Users\Win10\AppData\Local\Programs\Python\Python310\;C:\Users\Win10\AppData\Local\Microsoft\WindowsApps;C:\Users\Win10\AppData\Local\Programs\Microsoft VS Code\bin;C:\Users\Win10\AppData\Local\JetBrains\Toolbox\scripts;C:\Program Files\Java\jdk-11.0.16.1\bin;C:\Users\Win10\AppData\Roaming\npm
USERNAME=Win10
TMPDIR=C:\Users\Public\Documents\ESTsoft\CreatorTemp
OS=Windows_NT
PROCESSOR_IDENTIFIER=Intel64 Family 6 Model 158 Stepping 10, GenuineIntel
TMP=C:\Users\Win10\AppData\Local\Temp
TEMP=C:\Users\Win10\AppData\Local\Temp



Periodic native trim disabled


---------------  S Y S T E M  ---------------

OS:
 Windows 10 , 64 bit Build 19041 (10.0.19041.3636)
OS uptime: 1 days 1:13 hours

CPU: total 12 (initial active 12) (6 cores per cpu, 2 threads per core) family 6 model 158 stepping 10 microcode 0xb4, cx8, cmov, fxsr, ht, mmx, 3dnowpref, sse, sse2, sse3, ssse3, sse4.1, sse4.2, popcnt, lzcnt, tsc, tscinvbit, avx, avx2, aes, erms, clmul, bmi1, bmi2, rtm, adx, fma, vzeroupper, clflush, clflushopt
Processor Information for all 12 processors :
  Max Mhz: 3192, Current Mhz: 3192, Mhz Limit: 3192

Memory: 4k page, system-wide physical 16323M (328M free)
TotalPageFile size 34937M (AvailPageFile size 8M)
current process WorkingSet (physical memory assigned to process): 70M, peak: 186M
current process commit charge ("private bytes"): 267M, peak: 372M

vm_info: OpenJDK 64-Bit Server VM (17.0.9+9) for windows-amd64 JRE (17.0.9+9), built on Oct 26 2023 14:01:42 by "admin" with MS VC++ 16.10 / 16.11 (VS2019)

END.
