#
# There is insufficient memory for the Java Runtime Environment to continue.
# Native memory allocation (malloc) failed to allocate 2097152 bytes for AllocateHeap
# Possible reasons:
#   The system is out of physical RAM or swap space
#   The process is running with CompressedOops enabled, and the Java Heap may be blocking the growth of the native heap
# Possible solutions:
#   Reduce memory load on the system
#   Increase physical memory or swap space
#   Check if swap backing store is full
#   Decrease Java heap size (-Xmx/-Xms)
#   Decrease number of Java threads
#   Decrease Java thread stack sizes (-Xss)
#   Set larger code cache with -XX:ReservedCodeCacheSize=
#   JVM is running with Unscaled Compressed Oops mode in which the Java heap is
#     placed in the first 4GB address space. The Java Heap base address is the
#     maximum limit for the native heap growth. Please use -XX:HeapBaseMinAddress
#     to set the Java Heap base and to place the Java Heap above 4GB virtual address.
# This output file may be truncated or incomplete.
#
#  Out of Memory Error (allocation.cpp:44), pid=15832, tid=5240
#
# JRE version: OpenJDK Runtime Environment Temurin-17.0.9+9 (17.0.9+9) (build 17.0.9+9)
# Java VM: OpenJDK 64-Bit Server VM Temurin-17.0.9+9 (17.0.9+9, mixed mode, emulated-client, tiered, compressed oops, compressed class ptrs, g1 gc, windows-amd64)
# No core dump will be written. Minidumps are not enabled by default on client versions of Windows
#

---------------  S U M M A R Y ------------

Command Line: -XX:+HeapDumpOnOutOfMemoryError -Xmx1024m -Dsts.lsp.client=vscode -Dsts.log.file=/dev/null -XX:TieredStopAtLevel=1 -Xlog:jni+resolve=off -Dspring.config.location=file:c:\Users\Win10\.vscode\extensions\vmware.vscode-spring-boot-1.51.0\language-server\BOOT-INF\classes\application.properties org.springframework.ide.vscode.boot.app.BootLanguageServerBootApp

Host: Intel(R) Core(TM) i7-8700 CPU @ 3.20GHz, 12 cores, 15G,  Windows 10 , 64 bit Build 19041 (10.0.19041.3636)
Time: Mon Jan  8 19:39:09 2024  Windows 10 , 64 bit Build 19041 (10.0.19041.3636) elapsed time: 99700.873547 seconds (1d 3h 41m 40s)

---------------  T H R E A D  ---------------

Current thread (0x000002e21c062a50):  VMThread "VM Thread" [stack: 0x000000e9d9c00000,0x000000e9d9d00000] [id=5240]

Stack: [0x000000e9d9c00000,0x000000e9d9d00000]
Native frames: (J=compiled Java code, j=interpreted, Vv=VM code, C=native code)
V  [jvm.dll+0x67cf49]
V  [jvm.dll+0x83478a]
V  [jvm.dll+0x83624e]
V  [jvm.dll+0x8368b3]
V  [jvm.dll+0x247f1f]
V  [jvm.dll+0xa6b4b]
V  [jvm.dll+0x2f8f01]
V  [jvm.dll+0x2f4af0]
V  [jvm.dll+0x2dd0d7]
V  [jvm.dll+0x320357]
V  [jvm.dll+0x83adab]
V  [jvm.dll+0x83baf1]
V  [jvm.dll+0x83c00d]
V  [jvm.dll+0x83c3e4]
V  [jvm.dll+0x83c4b0]
V  [jvm.dll+0x7e3c3a]
V  [jvm.dll+0x67be35]
C  [ucrtbase.dll+0x21bb2]
C  [KERNEL32.DLL+0x17344]
C  [ntdll.dll+0x526b1]

VM_Operation (0x000000e9db7fe990): G1CollectFull, mode: safepoint, requested by thread 0x000002e221c768a0


---------------  P R O C E S S  ---------------

Threads class SMR info:
_java_thread_list=0x000002e21c0fea40, length=19, elements={
0x000002e21c07a390, 0x000002e21c07b330, 0x000002e21c0b9180, 0x000002e21c0be2a0,
0x000002e21c0c1ba0, 0x000002e21c0c2470, 0x000002e21c0c2df0, 0x000002e21c0c9020,
0x000002e21c2d1620, 0x000002e21c2d1f50, 0x000002e2214af510, 0x000002e221c768a0,
0x000002e221c77590, 0x000002e210d93b10, 0x000002e221d04ff0, 0x000002e221884fd0,
0x000002e221d277e0, 0x000002e221d29640, 0x000002e221d29b50
}

Java Threads: ( => current thread )
  0x000002e21c07a390 JavaThread "Reference Handler" daemon [_thread_blocked, id=28208, stack(0x000000e9d9d00000,0x000000e9d9e00000)]
  0x000002e21c07b330 JavaThread "Finalizer" daemon [_thread_blocked, id=6920, stack(0x000000e9d9e00000,0x000000e9d9f00000)]
  0x000002e21c0b9180 JavaThread "Signal Dispatcher" daemon [_thread_blocked, id=1408, stack(0x000000e9d9f00000,0x000000e9da000000)]
  0x000002e21c0be2a0 JavaThread "Attach Listener" daemon [_thread_blocked, id=27568, stack(0x000000e9da000000,0x000000e9da100000)]
  0x000002e21c0c1ba0 JavaThread "Service Thread" daemon [_thread_blocked, id=19780, stack(0x000000e9da100000,0x000000e9da200000)]
  0x000002e21c0c2470 JavaThread "Monitor Deflation Thread" daemon [_thread_blocked, id=24464, stack(0x000000e9da200000,0x000000e9da300000)]
  0x000002e21c0c2df0 JavaThread "C1 CompilerThread0" daemon [_thread_blocked, id=19336, stack(0x000000e9da300000,0x000000e9da400000)]
  0x000002e21c0c9020 JavaThread "Sweeper thread" daemon [_thread_blocked, id=25088, stack(0x000000e9da400000,0x000000e9da500000)]
  0x000002e21c2d1620 JavaThread "Notification Thread" daemon [_thread_blocked, id=10308, stack(0x000000e9da500000,0x000000e9da600000)]
  0x000002e21c2d1f50 JavaThread "Common-Cleaner" daemon [_thread_blocked, id=17768, stack(0x000000e9da700000,0x000000e9da800000)]
  0x000002e2214af510 JavaThread "boundedElastic-evictor-1" daemon [_thread_blocked, id=24000, stack(0x000000e9daf00000,0x000000e9db000000)]
  0x000002e221c768a0 JavaThread "pool-12-thread-1" [_thread_blocked, id=27108, stack(0x000000e9db700000,0x000000e9db800000)]
  0x000002e221c77590 JavaThread "LanguageServerApp-lifecycle" [_thread_blocked, id=15388, stack(0x000000e9db800000,0x000000e9db900000)]
  0x000002e210d93b10 JavaThread "DestroyJavaVM" [_thread_blocked, id=20796, stack(0x000000e9d9600000,0x000000e9d9700000)]
  0x000002e221d04ff0 JavaThread "pool-13-thread-1" [_thread_in_native, id=11660, stack(0x000000e9db900000,0x000000e9dba00000)]
  0x000002e221884fd0 JavaThread "Simple-Language-Server main thread" daemon [_thread_blocked, id=10436, stack(0x000000e9dba00000,0x000000e9dbb00000)]
  0x000002e221d277e0 JavaThread "parallel-1" daemon [_thread_blocked, id=24924, stack(0x000000e9dbe00000,0x000000e9dbf00000)]
  0x000002e221d29640 JavaThread "pool-6-thread-1" [_thread_blocked, id=23872, stack(0x000000e9dbf00000,0x000000e9dc000000)]
  0x000002e221d29b50 JavaThread "parallel-2" daemon [_thread_blocked, id=11040, stack(0x000000e9dc000000,0x000000e9dc100000)]

Other Threads:
=>0x000002e21c062a50 VMThread "VM Thread" [stack: 0x000000e9d9c00000,0x000000e9d9d00000] [id=5240]
  0x000002e21c2d1b00 WatcherThread [stack: 0x000000e9da600000,0x000000e9da700000] [id=7212]
  0x000002e210dd4d00 GCTaskThread "GC Thread#0" [stack: 0x000000e9d9700000,0x000000e9d9800000] [id=26476]
  0x000002e2210d0220 GCTaskThread "GC Thread#1" [stack: 0x000000e9da900000,0x000000e9daa00000] [id=5244]
  0x000002e2210d04e0 GCTaskThread "GC Thread#2" [stack: 0x000000e9daa00000,0x000000e9dab00000] [id=7988]
  0x000002e2210d07a0 GCTaskThread "GC Thread#3" [stack: 0x000000e9dab00000,0x000000e9dac00000] [id=24356]
  0x000002e2210d0a60 GCTaskThread "GC Thread#4" [stack: 0x000000e9dac00000,0x000000e9dad00000] [id=19004]
  0x000002e2210d0d20 GCTaskThread "GC Thread#5" [stack: 0x000000e9dad00000,0x000000e9dae00000] [id=11328]
  0x000002e22135cc50 GCTaskThread "GC Thread#6" [stack: 0x000000e9dae00000,0x000000e9daf00000] [id=23636]
  0x000002e221569e20 GCTaskThread "GC Thread#7" [stack: 0x000000e9db200000,0x000000e9db300000] [id=30620]
  0x000002e22154c850 GCTaskThread "GC Thread#8" [stack: 0x000000e9db300000,0x000000e9db400000] [id=17788]
  0x000002e2215f9480 GCTaskThread "GC Thread#9" [stack: 0x000000e9db400000,0x000000e9db500000] [id=3756]
  0x000002e210dddb60 ConcurrentGCThread "G1 Main Marker" [stack: 0x000000e9d9800000,0x000000e9d9900000] [id=28640]
  0x000002e210dde490 ConcurrentGCThread "G1 Conc#0" [stack: 0x000000e9d9900000,0x000000e9d9a00000] [id=30684]
  0x000002e2215573e0 ConcurrentGCThread "G1 Conc#1" [stack: 0x000000e9db500000,0x000000e9db600000] [id=16524]
  0x000002e221584d40 ConcurrentGCThread "G1 Conc#2" [stack: 0x000000e9db600000,0x000000e9db700000] [id=9800]
  0x000002e21bece560 ConcurrentGCThread "G1 Refine#0" [stack: 0x000000e9d9a00000,0x000000e9d9b00000] [id=28676]
  0x000002e21c232050 ConcurrentGCThread "G1 Refine#1" [stack: 0x000000e9d9400000,0x000000e9d9500000] [id=24980]
  0x000002e222a1b9a0 ConcurrentGCThread "G1 Refine#2" [stack: 0x000000e9db100000,0x000000e9db200000] [id=28320]
  0x000002e21beceea0 ConcurrentGCThread "G1 Service" [stack: 0x000000e9d9b00000,0x000000e9d9c00000] [id=15656]

Threads with active compile tasks:

VM state: at safepoint (normal execution)

VM Mutex/Monitor currently owned by a thread:  ([mutex/lock_event])
[0x000002e20ea90170] Threads_lock - owner thread: 0x000002e21c062a50
[0x000002e210d913b0] Heap_lock - owner thread: 0x000002e221c768a0

Heap address: 0x00000000c0000000, size: 1024 MB, Compressed Oops mode: 32-bit

CDS archive(s) not mapped
Compressed class space mapped at: 0x0000000100000000-0x0000000140000000, reserved size: 1073741824
Narrow klass base: 0x0000000000000000, Narrow klass shift: 3, Narrow klass range: 0x140000000

GC Precious Log:
 CPUs: 12 total, 12 available
 Memory: 16323M
 Large Page Support: Disabled
 NUMA Support: Disabled
 Compressed Oops: Enabled (32-bit)
 Heap Region Size: 1M
 Heap Min Capacity: 8M
 Heap Initial Capacity: 256M
 Heap Max Capacity: 1G
 Pre-touch: Disabled
 Parallel Workers: 10
 Concurrent Workers: 3
 Concurrent Refinement Workers: 10
 Periodic GC: Disabled

Heap:
 garbage-first heap   total 86016K, used 28561K [0x00000000c0000000, 0x0000000100000000)
  region size 1024K, 1 young (1024K), 0 survivors (0K)
 Metaspace       used 58152K, committed 58560K, reserved 1114112K
  class space    used 7188K, committed 7360K, reserved 1048576K

Heap Regions: E=young(eden), S=young(survivor), O=old, HS=humongous(starts), HC=humongous(continues), CS=collection set, F=free, OA=open archive, CA=closed archive, TAMS=top-at-mark-start (previous, next)
|   0|0x00000000c0000000, 0x00000000c0100000, 0x00000000c0100000|100%|HS|  |TAMS 0x00000000c0100000, 0x00000000c0000000| Untracked 
|   1|0x00000000c0100000, 0x00000000c0200000, 0x00000000c0200000|100%|HC|  |TAMS 0x00000000c0200000, 0x00000000c0100000| Untracked 
|   2|0x00000000c0200000, 0x00000000c0300000, 0x00000000c0300000|100%|HC|  |TAMS 0x00000000c0300000, 0x00000000c0200000| Untracked 
|   3|0x00000000c0300000, 0x00000000c0400000, 0x00000000c0400000|100%|HC|  |TAMS 0x00000000c0400000, 0x00000000c0300000| Untracked 
|   4|0x00000000c0400000, 0x00000000c0500000, 0x00000000c0500000|100%| O|  |TAMS 0x00000000c0500000, 0x00000000c0400000| Untracked 
|   5|0x00000000c0500000, 0x00000000c0600000, 0x00000000c0600000|100%| O|  |TAMS 0x00000000c0600000, 0x00000000c0500000| Untracked 
|   6|0x00000000c0600000, 0x00000000c0700000, 0x00000000c0700000|100%| O|  |TAMS 0x00000000c0700000, 0x00000000c0600000| Untracked 
|   7|0x00000000c0700000, 0x00000000c0800000, 0x00000000c0800000|100%| O|  |TAMS 0x00000000c0800000, 0x00000000c0700000| Untracked 
|   8|0x00000000c0800000, 0x00000000c0900000, 0x00000000c0900000|100%| O|  |TAMS 0x00000000c0900000, 0x00000000c0800000| Untracked 
|   9|0x00000000c0900000, 0x00000000c0a00000, 0x00000000c0a00000|100%| O|  |TAMS 0x00000000c0a00000, 0x00000000c0900000| Untracked 
|  10|0x00000000c0a00000, 0x00000000c0affff8, 0x00000000c0b00000| 99%| O|  |TAMS 0x00000000c0affff8, 0x00000000c0a00000| Untracked 
|  11|0x00000000c0b00000, 0x00000000c0c00000, 0x00000000c0c00000|100%| O|  |TAMS 0x00000000c0c00000, 0x00000000c0b00000| Untracked 
|  12|0x00000000c0c00000, 0x00000000c0d00000, 0x00000000c0d00000|100%| O|  |TAMS 0x00000000c0d00000, 0x00000000c0c00000| Untracked 
|  13|0x00000000c0d00000, 0x00000000c0e00000, 0x00000000c0e00000|100%| O|  |TAMS 0x00000000c0e00000, 0x00000000c0d00000| Untracked 
|  14|0x00000000c0e00000, 0x00000000c0efffb8, 0x00000000c0f00000| 99%| O|  |TAMS 0x00000000c0efffb8, 0x00000000c0e00000| Untracked 
|  15|0x00000000c0f00000, 0x00000000c0ffffe8, 0x00000000c1000000| 99%| O|  |TAMS 0x00000000c0ffffe8, 0x00000000c0f00000| Untracked 
|  16|0x00000000c1000000, 0x00000000c10fffe8, 0x00000000c1100000| 99%| O|  |TAMS 0x00000000c10fffe8, 0x00000000c1000000| Untracked 
|  17|0x00000000c1100000, 0x00000000c11fffc8, 0x00000000c1200000| 99%| O|  |TAMS 0x00000000c11fffc8, 0x00000000c1100000| Untracked 
|  18|0x00000000c1200000, 0x00000000c1300000, 0x00000000c1300000|100%| O|  |TAMS 0x00000000c1300000, 0x00000000c1200000| Untracked 
|  19|0x00000000c1300000, 0x00000000c1400000, 0x00000000c1400000|100%| O|  |TAMS 0x00000000c1400000, 0x00000000c1300000| Untracked 
|  20|0x00000000c1400000, 0x00000000c14fffc8, 0x00000000c1500000| 99%| O|  |TAMS 0x00000000c14fffc8, 0x00000000c1400000| Untracked 
|  21|0x00000000c1500000, 0x00000000c15ffff0, 0x00000000c1600000| 99%| O|  |TAMS 0x00000000c15ffff0, 0x00000000c1500000| Untracked 
|  22|0x00000000c1600000, 0x00000000c16edd08, 0x00000000c1700000| 92%| O|  |TAMS 0x00000000c1600000, 0x00000000c1600000| Untracked 
|  23|0x00000000c1700000, 0x00000000c1800000, 0x00000000c1800000|100%| O|  |TAMS 0x00000000c1800000, 0x00000000c1700000| Untracked 
|  24|0x00000000c1800000, 0x00000000c1900000, 0x00000000c1900000|100%| O|  |TAMS 0x00000000c1900000, 0x00000000c1800000| Untracked 
|  25|0x00000000c1900000, 0x00000000c19f6750, 0x00000000c1a00000| 96%| O|  |TAMS 0x00000000c19f6750, 0x00000000c1900000| Untracked 
|  26|0x00000000c1a00000, 0x00000000c1afffe0, 0x00000000c1b00000| 99%| O|  |TAMS 0x00000000c1afffe0, 0x00000000c1a00000| Untracked 
|  27|0x00000000c1b00000, 0x00000000c1bffee8, 0x00000000c1c00000| 99%| O|  |TAMS 0x00000000c1bffee8, 0x00000000c1b00000| Untracked 
|  28|0x00000000c1c00000, 0x00000000c1c001f8, 0x00000000c1d00000|  0%| O|  |TAMS 0x00000000c1c00000, 0x00000000c1c00000| Untracked 
|  29|0x00000000c1d00000, 0x00000000c1d00000, 0x00000000c1e00000|  0%| F|  |TAMS 0x00000000c1d00000, 0x00000000c1d00000| Untracked 
|  30|0x00000000c1e00000, 0x00000000c1e00000, 0x00000000c1f00000|  0%| F|  |TAMS 0x00000000c1e00000, 0x00000000c1e00000| Untracked 
|  31|0x00000000c1f00000, 0x00000000c1f00000, 0x00000000c2000000|  0%| F|  |TAMS 0x00000000c1f00000, 0x00000000c1f00000| Untracked 
|  32|0x00000000c2000000, 0x00000000c2000000, 0x00000000c2100000|  0%| F|  |TAMS 0x00000000c2000000, 0x00000000c2000000| Untracked 
|  33|0x00000000c2100000, 0x00000000c2100000, 0x00000000c2200000|  0%| F|  |TAMS 0x00000000c2100000, 0x00000000c2100000| Untracked 
|  34|0x00000000c2200000, 0x00000000c2200000, 0x00000000c2300000|  0%| F|  |TAMS 0x00000000c2200000, 0x00000000c2200000| Untracked 
|  35|0x00000000c2300000, 0x00000000c2300000, 0x00000000c2400000|  0%| F|  |TAMS 0x00000000c2300000, 0x00000000c2300000| Untracked 
|  36|0x00000000c2400000, 0x00000000c2400000, 0x00000000c2500000|  0%| F|  |TAMS 0x00000000c2400000, 0x00000000c2400000| Untracked 
|  37|0x00000000c2500000, 0x00000000c2500000, 0x00000000c2600000|  0%| F|  |TAMS 0x00000000c2500000, 0x00000000c2500000| Untracked 
|  38|0x00000000c2600000, 0x00000000c2600000, 0x00000000c2700000|  0%| F|  |TAMS 0x00000000c2600000, 0x00000000c2600000| Untracked 
|  39|0x00000000c2700000, 0x00000000c2700000, 0x00000000c2800000|  0%| F|  |TAMS 0x00000000c2700000, 0x00000000c2700000| Untracked 
|  40|0x00000000c2800000, 0x00000000c2800000, 0x00000000c2900000|  0%| F|  |TAMS 0x00000000c2800000, 0x00000000c2800000| Untracked 
|  41|0x00000000c2900000, 0x00000000c2900000, 0x00000000c2a00000|  0%| F|  |TAMS 0x00000000c2900000, 0x00000000c2900000| Untracked 
|  42|0x00000000c2a00000, 0x00000000c2a00000, 0x00000000c2b00000|  0%| F|  |TAMS 0x00000000c2a00000, 0x00000000c2a00000| Untracked 
|  43|0x00000000c2b00000, 0x00000000c2b00000, 0x00000000c2c00000|  0%| F|  |TAMS 0x00000000c2b00000, 0x00000000c2b00000| Untracked 
|  44|0x00000000c2c00000, 0x00000000c2c00000, 0x00000000c2d00000|  0%| F|  |TAMS 0x00000000c2c00000, 0x00000000c2c00000| Untracked 
|  45|0x00000000c2d00000, 0x00000000c2d00000, 0x00000000c2e00000|  0%| F|  |TAMS 0x00000000c2d00000, 0x00000000c2d00000| Untracked 
|  46|0x00000000c2e00000, 0x00000000c2e00000, 0x00000000c2f00000|  0%| F|  |TAMS 0x00000000c2e00000, 0x00000000c2e00000| Untracked 
|  47|0x00000000c2f00000, 0x00000000c2f00000, 0x00000000c3000000|  0%| F|  |TAMS 0x00000000c2f00000, 0x00000000c2f00000| Untracked 
|  48|0x00000000c3000000, 0x00000000c3000000, 0x00000000c3100000|  0%| F|  |TAMS 0x00000000c3000000, 0x00000000c3000000| Untracked 
|  49|0x00000000c3100000, 0x00000000c3100000, 0x00000000c3200000|  0%| F|  |TAMS 0x00000000c3100000, 0x00000000c3100000| Untracked 
|  50|0x00000000c3200000, 0x00000000c3200000, 0x00000000c3300000|  0%| F|  |TAMS 0x00000000c3200000, 0x00000000c3200000| Untracked 
|  51|0x00000000c3300000, 0x00000000c3300000, 0x00000000c3400000|  0%| F|  |TAMS 0x00000000c3300000, 0x00000000c3300000| Untracked 
|  52|0x00000000c3400000, 0x00000000c3400000, 0x00000000c3500000|  0%| F|  |TAMS 0x00000000c3400000, 0x00000000c3400000| Untracked 
|  53|0x00000000c3500000, 0x00000000c3500000, 0x00000000c3600000|  0%| F|  |TAMS 0x00000000c3500000, 0x00000000c3500000| Untracked 
|  54|0x00000000c3600000, 0x00000000c3600000, 0x00000000c3700000|  0%| F|  |TAMS 0x00000000c3600000, 0x00000000c3600000| Untracked 
|  55|0x00000000c3700000, 0x00000000c3700000, 0x00000000c3800000|  0%| F|  |TAMS 0x00000000c3700000, 0x00000000c3700000| Untracked 
|  56|0x00000000c3800000, 0x00000000c3800000, 0x00000000c3900000|  0%| F|  |TAMS 0x00000000c3800000, 0x00000000c3800000| Untracked 
|  57|0x00000000c3900000, 0x00000000c3900000, 0x00000000c3a00000|  0%| F|  |TAMS 0x00000000c3900000, 0x00000000c3900000| Untracked 
|  58|0x00000000c3a00000, 0x00000000c3a00000, 0x00000000c3b00000|  0%| F|  |TAMS 0x00000000c3a00000, 0x00000000c3a00000| Untracked 
|  59|0x00000000c3b00000, 0x00000000c3b00000, 0x00000000c3c00000|  0%| F|  |TAMS 0x00000000c3b00000, 0x00000000c3b00000| Untracked 
|  60|0x00000000c3c00000, 0x00000000c3c00000, 0x00000000c3d00000|  0%| F|  |TAMS 0x00000000c3c00000, 0x00000000c3c00000| Untracked 
|  61|0x00000000c3d00000, 0x00000000c3d00000, 0x00000000c3e00000|  0%| F|  |TAMS 0x00000000c3d00000, 0x00000000c3d00000| Untracked 
|  62|0x00000000c3e00000, 0x00000000c3e00000, 0x00000000c3f00000|  0%| F|  |TAMS 0x00000000c3e00000, 0x00000000c3e00000| Untracked 
|  63|0x00000000c3f00000, 0x00000000c3f00000, 0x00000000c4000000|  0%| F|  |TAMS 0x00000000c3f00000, 0x00000000c3f00000| Untracked 
|  64|0x00000000c4000000, 0x00000000c4000000, 0x00000000c4100000|  0%| F|  |TAMS 0x00000000c4000000, 0x00000000c4000000| Untracked 
|  65|0x00000000c4100000, 0x00000000c4100000, 0x00000000c4200000|  0%| F|  |TAMS 0x00000000c4100000, 0x00000000c4100000| Untracked 
|  66|0x00000000c4200000, 0x00000000c4200000, 0x00000000c4300000|  0%| F|  |TAMS 0x00000000c4200000, 0x00000000c4200000| Untracked 
|  67|0x00000000c4300000, 0x00000000c4300000, 0x00000000c4400000|  0%| F|  |TAMS 0x00000000c4300000, 0x00000000c4300000| Untracked 
|  68|0x00000000c4400000, 0x00000000c4400000, 0x00000000c4500000|  0%| F|  |TAMS 0x00000000c4400000, 0x00000000c4400000| Untracked 
|  69|0x00000000c4500000, 0x00000000c4500000, 0x00000000c4600000|  0%| F|  |TAMS 0x00000000c4500000, 0x00000000c4500000| Untracked 
|  70|0x00000000c4600000, 0x00000000c4600000, 0x00000000c4700000|  0%| F|  |TAMS 0x00000000c4600000, 0x00000000c4600000| Untracked 
|  71|0x00000000c4700000, 0x00000000c4700000, 0x00000000c4800000|  0%| F|  |TAMS 0x00000000c4700000, 0x00000000c4700000| Untracked 
|  72|0x00000000c4800000, 0x00000000c4800000, 0x00000000c4900000|  0%| F|  |TAMS 0x00000000c4800000, 0x00000000c4800000| Untracked 
|  73|0x00000000c4900000, 0x00000000c4900000, 0x00000000c4a00000|  0%| F|  |TAMS 0x00000000c4900000, 0x00000000c4900000| Untracked 
|  74|0x00000000c4a00000, 0x00000000c4a00000, 0x00000000c4b00000|  0%| F|  |TAMS 0x00000000c4a00000, 0x00000000c4a00000| Untracked 
|  75|0x00000000c4b00000, 0x00000000c4b00000, 0x00000000c4c00000|  0%| F|  |TAMS 0x00000000c4b00000, 0x00000000c4b00000| Untracked 
|  76|0x00000000c4c00000, 0x00000000c4c00000, 0x00000000c4d00000|  0%| F|  |TAMS 0x00000000c4c00000, 0x00000000c4c00000| Untracked 
|  77|0x00000000c4d00000, 0x00000000c4d00000, 0x00000000c4e00000|  0%| F|  |TAMS 0x00000000c4d00000, 0x00000000c4d00000| Untracked 
|  78|0x00000000c4e00000, 0x00000000c4e00000, 0x00000000c4f00000|  0%| F|  |TAMS 0x00000000c4e00000, 0x00000000c4e00000| Untracked 
|  79|0x00000000c4f00000, 0x00000000c4f00000, 0x00000000c5000000|  0%| F|  |TAMS 0x00000000c4f00000, 0x00000000c4f00000| Untracked 
|  80|0x00000000c5000000, 0x00000000c5000000, 0x00000000c5100000|  0%| F|  |TAMS 0x00000000c5000000, 0x00000000c5000000| Untracked 
|  81|0x00000000c5100000, 0x00000000c5100000, 0x00000000c5200000|  0%| F|  |TAMS 0x00000000c5100000, 0x00000000c5100000| Untracked 
|  82|0x00000000c5200000, 0x00000000c5200000, 0x00000000c5300000|  0%| F|  |TAMS 0x00000000c5200000, 0x00000000c5200000| Untracked 
|  83|0x00000000c5300000, 0x00000000c53058a8, 0x00000000c5400000|  2%| E|  |TAMS 0x00000000c5300000, 0x00000000c5300000| Complete 

Card table byte_map: [0x000002e216f60000,0x000002e217160000] _byte_map_base: 0x000002e216960000

Marking Bits (Prev, Next): (CMBitMap*) 0x000002e210dd5270, (CMBitMap*) 0x000002e210dd5230
 Prev Bits: [0x000002e218360000, 0x000002e219360000)
 Next Bits: [0x000002e217360000, 0x000002e218360000)

Polling page: 0x000002e20ed50000

Metaspace:

Usage:
  Non-class:     49.77 MB used.
      Class:      7.02 MB used.
       Both:     56.79 MB used.

Virtual space:
  Non-class space:       64.00 MB reserved,      50.00 MB ( 78%) committed,  1 nodes.
      Class space:        1.00 GB reserved,       7.19 MB ( <1%) committed,  1 nodes.
             Both:        1.06 GB reserved,      57.19 MB (  5%) committed. 

Chunk freelists:
   Non-Class:  13.89 MB
       Class:  8.76 MB
        Both:  22.65 MB

MaxMetaspaceSize: unlimited
CompressedClassSpaceSize: 1.00 GB
Initial GC threshold: 21.00 MB
Current GC threshold: 95.31 MB
CDS: off
MetaspaceReclaimPolicy: balanced
 - commit_granule_bytes: 65536.
 - commit_granule_words: 8192.
 - virtual_space_node_default_size: 8388608.
 - enlarge_chunks_in_place: 1.
 - new_chunks_are_fully_committed: 0.
 - uncommit_free_chunks: 1.
 - use_allocation_guard: 0.
 - handle_deallocations: 1.


Internal statistics:

num_allocs_failed_limit: 6.
num_arena_births: 676.
num_arena_deaths: 246.
num_vsnodes_births: 2.
num_vsnodes_deaths: 0.
num_space_committed: 915.
num_space_uncommitted: 0.
num_chunks_returned_to_freelist: 288.
num_chunks_taken_from_freelist: 2564.
num_chunk_merges: 92.
num_chunk_splits: 1729.
num_chunks_enlarged: 1342.
num_inconsistent_stats: 0.

CodeCache: size=49152Kb used=16860Kb max_used=18039Kb free=32291Kb
 bounds [0x000002e213a30000, 0x000002e214c90000, 0x000002e216a30000]
 total_blobs=9402 nmethods=8725 adapters=599
 compilation: enabled
              stopped_count=0, restarted_count=0
 full_count=0

Compilation events (20 events):
Event: 91437.898 Thread 0x000002e21c0c2df0 8716       1       org.eclipse.jdt.core.dom.NodeEventHandler::postRemoveChildEvent (1 bytes)
Event: 91437.898 Thread 0x000002e21c0c2df0 nmethod 8716 0x000002e214bb5110 code [0x000002e214bb52a0, 0x000002e214bb5358]
Event: 91437.900 Thread 0x000002e21c0c2df0 8717       1       org.eclipse.jdt.core.dom.SwitchStatement::accept0 (34 bytes)
Event: 91437.901 Thread 0x000002e21c0c2df0 nmethod 8717 0x000002e214bb4a90 code [0x000002e214bb4c80, 0x000002e214bb4f28]
Event: 91437.901 Thread 0x000002e21c0c2df0 8718   !   1       org.eclipse.jdt.core.dom.SwitchStatement::getExpression (61 bytes)
Event: 91437.901 Thread 0x000002e21c0c2df0 nmethod 8718 0x000002e214bb3f10 code [0x000002e214bb4100, 0x000002e214bb4748]
Event: 91437.901 Thread 0x000002e21c0c2df0 8719       1       org.eclipse.jdt.core.dom.UnionType::accept0 (25 bytes)
Event: 91437.902 Thread 0x000002e21c0c2df0 nmethod 8719 0x000002e214bb3b10 code [0x000002e214bb3cc0, 0x000002e214bb3e28]
Event: 91438.016 Thread 0x000002e21c0c2df0 8720       1       com.google.gson.internal.bind.TypeAdapters$EnumTypeAdapter$1::run (80 bytes)
Event: 91438.018 Thread 0x000002e21c0c2df0 nmethod 8720 0x000002e214bb3010 code [0x000002e214bb3220, 0x000002e214bb3758]
Event: 91438.028 Thread 0x000002e21c0c2df0 8721       1       java.util.UUID::toString (17 bytes)
Event: 91438.028 Thread 0x000002e21c0c2df0 nmethod 8721 0x000002e214bb2d10 code [0x000002e214bb2ea0, 0x000002e214bb2f88]
Event: 91438.028 Thread 0x000002e21c0c2df0 8722       1       java.lang.System$2::fastUUID (6 bytes)
Event: 91438.028 Thread 0x000002e21c0c2df0 nmethod 8722 0x000002e214bb2a10 code [0x000002e214bb2ba0, 0x000002e214bb2c88]
Event: 91438.028 Thread 0x000002e21c0c2df0 8723       1       java.lang.Long::fastUUID (224 bytes)
Event: 91438.029 Thread 0x000002e21c0c2df0 nmethod 8723 0x000002e214bb2390 code [0x000002e214bb2560, 0x000002e214bb2888]
Event: 91438.169 Thread 0x000002e21c0c2df0 8724       1       java.util.HashMap$KeySpliterator::<init> (12 bytes)
Event: 91438.169 Thread 0x000002e21c0c2df0 nmethod 8724 0x000002e214bb2090 code [0x000002e214bb2220, 0x000002e214bb2338]
Event: 91438.170 Thread 0x000002e21c0c2df0 8725       1       java.lang.invoke.VarHandleInts$FieldInstanceReadWrite::compareAndSet (32 bytes)
Event: 91438.172 Thread 0x000002e21c0c2df0 nmethod 8725 0x000002e214bb1a90 code [0x000002e214bb1c40, 0x000002e214bb1ee8]

GC Heap History (20 events):
Event: 99598.618 GC heap before
{Heap before GC invocations=9496 (full 9455):
 garbage-first heap   total 86016K, used 28560K [0x00000000c0000000, 0x0000000100000000)
  region size 1024K, 1 young (1024K), 0 survivors (0K)
 Metaspace       used 58152K, committed 58560K, reserved 1114112K
  class space    used 7188K, committed 7360K, reserved 1048576K
}
Event: 99598.657 GC heap after
{Heap after GC invocations=9497 (full 9456):
 garbage-first heap   total 86016K, used 28560K [0x00000000c0000000, 0x0000000100000000)
  region size 1024K, 0 young (0K), 0 survivors (0K)
 Metaspace       used 58152K, committed 58560K, reserved 1114112K
  class space    used 7188K, committed 7360K, reserved 1048576K
}
Event: 99608.873 GC heap before
{Heap before GC invocations=9497 (full 9456):
 garbage-first heap   total 86016K, used 28560K [0x00000000c0000000, 0x0000000100000000)
  region size 1024K, 1 young (1024K), 0 survivors (0K)
 Metaspace       used 58152K, committed 58560K, reserved 1114112K
  class space    used 7188K, committed 7360K, reserved 1048576K
}
Event: 99608.914 GC heap after
{Heap after GC invocations=9498 (full 9457):
 garbage-first heap   total 86016K, used 28560K [0x00000000c0000000, 0x0000000100000000)
  region size 1024K, 0 young (0K), 0 survivors (0K)
 Metaspace       used 58152K, committed 58560K, reserved 1114112K
  class space    used 7188K, committed 7360K, reserved 1048576K
}
Event: 99619.114 GC heap before
{Heap before GC invocations=9498 (full 9457):
 garbage-first heap   total 86016K, used 28560K [0x00000000c0000000, 0x0000000100000000)
  region size 1024K, 1 young (1024K), 0 survivors (0K)
 Metaspace       used 58152K, committed 58560K, reserved 1114112K
  class space    used 7188K, committed 7360K, reserved 1048576K
}
Event: 99619.154 GC heap after
{Heap after GC invocations=9499 (full 9458):
 garbage-first heap   total 86016K, used 28560K [0x00000000c0000000, 0x0000000100000000)
  region size 1024K, 0 young (0K), 0 survivors (0K)
 Metaspace       used 58152K, committed 58560K, reserved 1114112K
  class space    used 7188K, committed 7360K, reserved 1048576K
}
Event: 99629.361 GC heap before
{Heap before GC invocations=9499 (full 9458):
 garbage-first heap   total 86016K, used 28560K [0x00000000c0000000, 0x0000000100000000)
  region size 1024K, 1 young (1024K), 0 survivors (0K)
 Metaspace       used 58152K, committed 58560K, reserved 1114112K
  class space    used 7188K, committed 7360K, reserved 1048576K
}
Event: 99629.402 GC heap after
{Heap after GC invocations=9500 (full 9459):
 garbage-first heap   total 86016K, used 28560K [0x00000000c0000000, 0x0000000100000000)
  region size 1024K, 0 young (0K), 0 survivors (0K)
 Metaspace       used 58152K, committed 58560K, reserved 1114112K
  class space    used 7188K, committed 7360K, reserved 1048576K
}
Event: 99639.612 GC heap before
{Heap before GC invocations=9500 (full 9459):
 garbage-first heap   total 86016K, used 28560K [0x00000000c0000000, 0x0000000100000000)
  region size 1024K, 1 young (1024K), 0 survivors (0K)
 Metaspace       used 58152K, committed 58560K, reserved 1114112K
  class space    used 7188K, committed 7360K, reserved 1048576K
}
Event: 99639.653 GC heap after
{Heap after GC invocations=9501 (full 9460):
 garbage-first heap   total 86016K, used 28560K [0x00000000c0000000, 0x0000000100000000)
  region size 1024K, 0 young (0K), 0 survivors (0K)
 Metaspace       used 58152K, committed 58560K, reserved 1114112K
  class space    used 7188K, committed 7360K, reserved 1048576K
}
Event: 99649.858 GC heap before
{Heap before GC invocations=9501 (full 9460):
 garbage-first heap   total 86016K, used 28560K [0x00000000c0000000, 0x0000000100000000)
  region size 1024K, 1 young (1024K), 0 survivors (0K)
 Metaspace       used 58152K, committed 58560K, reserved 1114112K
  class space    used 7188K, committed 7360K, reserved 1048576K
}
Event: 99649.893 GC heap after
{Heap after GC invocations=9502 (full 9461):
 garbage-first heap   total 86016K, used 28560K [0x00000000c0000000, 0x0000000100000000)
  region size 1024K, 0 young (0K), 0 survivors (0K)
 Metaspace       used 58152K, committed 58560K, reserved 1114112K
  class space    used 7188K, committed 7360K, reserved 1048576K
}
Event: 99660.128 GC heap before
{Heap before GC invocations=9502 (full 9461):
 garbage-first heap   total 86016K, used 28560K [0x00000000c0000000, 0x0000000100000000)
  region size 1024K, 1 young (1024K), 0 survivors (0K)
 Metaspace       used 58152K, committed 58560K, reserved 1114112K
  class space    used 7188K, committed 7360K, reserved 1048576K
}
Event: 99660.173 GC heap after
{Heap after GC invocations=9503 (full 9462):
 garbage-first heap   total 86016K, used 28560K [0x00000000c0000000, 0x0000000100000000)
  region size 1024K, 0 young (0K), 0 survivors (0K)
 Metaspace       used 58152K, committed 58560K, reserved 1114112K
  class space    used 7188K, committed 7360K, reserved 1048576K
}
Event: 99670.387 GC heap before
{Heap before GC invocations=9503 (full 9462):
 garbage-first heap   total 86016K, used 28560K [0x00000000c0000000, 0x0000000100000000)
  region size 1024K, 1 young (1024K), 0 survivors (0K)
 Metaspace       used 58152K, committed 58560K, reserved 1114112K
  class space    used 7188K, committed 7360K, reserved 1048576K
}
Event: 99670.424 GC heap after
{Heap after GC invocations=9504 (full 9463):
 garbage-first heap   total 86016K, used 28560K [0x00000000c0000000, 0x0000000100000000)
  region size 1024K, 0 young (0K), 0 survivors (0K)
 Metaspace       used 58152K, committed 58560K, reserved 1114112K
  class space    used 7188K, committed 7360K, reserved 1048576K
}
Event: 99680.490 GC heap before
{Heap before GC invocations=9504 (full 9463):
 garbage-first heap   total 86016K, used 28560K [0x00000000c0000000, 0x0000000100000000)
  region size 1024K, 1 young (1024K), 0 survivors (0K)
 Metaspace       used 58152K, committed 58560K, reserved 1114112K
  class space    used 7188K, committed 7360K, reserved 1048576K
}
Event: 99680.526 GC heap after
{Heap after GC invocations=9505 (full 9464):
 garbage-first heap   total 86016K, used 28561K [0x00000000c0000000, 0x0000000100000000)
  region size 1024K, 0 young (0K), 0 survivors (0K)
 Metaspace       used 58152K, committed 58560K, reserved 1114112K
  class space    used 7188K, committed 7360K, reserved 1048576K
}
Event: 99690.728 GC heap before
{Heap before GC invocations=9505 (full 9464):
 garbage-first heap   total 86016K, used 28561K [0x00000000c0000000, 0x0000000100000000)
  region size 1024K, 1 young (1024K), 0 survivors (0K)
 Metaspace       used 58152K, committed 58560K, reserved 1114112K
  class space    used 7188K, committed 7360K, reserved 1048576K
}
Event: 99690.768 GC heap after
{Heap after GC invocations=9506 (full 9465):
 garbage-first heap   total 86016K, used 28561K [0x00000000c0000000, 0x0000000100000000)
  region size 1024K, 0 young (0K), 0 survivors (0K)
 Metaspace       used 58152K, committed 58560K, reserved 1114112K
  class space    used 7188K, committed 7360K, reserved 1048576K
}

Dll operation events (9 events):
Event: 0.018 Loaded shared library c:\Users\Win10\.vscode\extensions\redhat.java-1.25.1-win32-x64\jre\17.0.9-win32-x86_64\bin\java.dll
Event: 0.348 Loaded shared library C:\Users\Win10\.vscode\extensions\redhat.java-1.25.1-win32-x64\jre\17.0.9-win32-x86_64\bin\net.dll
Event: 0.353 Loaded shared library C:\Users\Win10\.vscode\extensions\redhat.java-1.25.1-win32-x64\jre\17.0.9-win32-x86_64\bin\nio.dll
Event: 0.361 Loaded shared library C:\Users\Win10\.vscode\extensions\redhat.java-1.25.1-win32-x64\jre\17.0.9-win32-x86_64\bin\zip.dll
Event: 0.902 Loaded shared library C:\Users\Win10\.vscode\extensions\redhat.java-1.25.1-win32-x64\jre\17.0.9-win32-x86_64\bin\jimage.dll
Event: 4.195 Loaded shared library c:\Users\Win10\.vscode\extensions\redhat.java-1.25.1-win32-x64\jre\17.0.9-win32-x86_64\bin\verify.dll
Event: 4.876 Loaded shared library C:\Users\Win10\.vscode\extensions\redhat.java-1.25.1-win32-x64\jre\17.0.9-win32-x86_64\bin\management.dll
Event: 4.891 Loaded shared library C:\Users\Win10\.vscode\extensions\redhat.java-1.25.1-win32-x64\jre\17.0.9-win32-x86_64\bin\management_ext.dll
Event: 5.998 Loaded shared library C:\Users\Win10\.vscode\extensions\redhat.java-1.25.1-win32-x64\jre\17.0.9-win32-x86_64\bin\sunmscapi.dll

Deoptimization events (20 events):
Event: 1420.851 Thread 0x000002e221d29640 DEOPT PACKING pc=0x000002e2142c110c sp=0x000000e9dbffec20
Event: 1420.851 Thread 0x000002e221d29640 DEOPT UNPACKING pc=0x000002e213a87143 sp=0x000000e9dbffe188 mode 0
Event: 1420.851 Thread 0x000002e221d29640 DEOPT PACKING pc=0x000002e2143345cc sp=0x000000e9dbffed50
Event: 1420.851 Thread 0x000002e221d29640 DEOPT UNPACKING pc=0x000002e213a87143 sp=0x000000e9dbffe248 mode 0
Event: 3158.021 Thread 0x000002e221d29640 DEOPT PACKING pc=0x000002e2144d89f8 sp=0x000000e9dbffcdb0
Event: 3158.021 Thread 0x000002e221d29640 DEOPT UNPACKING pc=0x000002e213a87143 sp=0x000000e9dbffc268 mode 3
Event: 3158.021 Thread 0x000002e221d29640 DEOPT PACKING pc=0x000002e2144d6d04 sp=0x000000e9dbffccc0
Event: 3158.021 Thread 0x000002e221d29640 DEOPT UNPACKING pc=0x000002e213a87143 sp=0x000000e9dbffc1a0 mode 3
Event: 3158.182 Thread 0x000002e221d29640 DEOPT PACKING pc=0x000002e213ba7d4f sp=0x000000e9dbffdea0
Event: 3158.182 Thread 0x000002e221d29640 DEOPT UNPACKING pc=0x000002e213a87143 sp=0x000000e9dbffd390 mode 3
Event: 7253.700 Thread 0x000002e221d29640 DEOPT PACKING pc=0x000002e213f3dda0 sp=0x000000e9dbffe040
Event: 7253.700 Thread 0x000002e221d29640 DEOPT UNPACKING pc=0x000002e213a87143 sp=0x000000e9dbffd4c0 mode 3
Event: 7447.931 Thread 0x000002e221d29640 DEOPT PACKING pc=0x000002e2145be004 sp=0x000000e9dbffe780
Event: 7447.931 Thread 0x000002e221d29640 DEOPT UNPACKING pc=0x000002e213a87143 sp=0x000000e9dbffdbf8 mode 0
Event: 7447.959 Thread 0x000002e221d29640 DEOPT PACKING pc=0x000002e2145e46e6 sp=0x000000e9dbffe4f0
Event: 7447.959 Thread 0x000002e221d29640 DEOPT UNPACKING pc=0x000002e213a87143 sp=0x000000e9dbffd990 mode 3
Event: 12245.914 Thread 0x000002e221d29640 DEOPT PACKING pc=0x000002e2145fa736 sp=0x000000e9dbffda60
Event: 12245.914 Thread 0x000002e221d29640 DEOPT UNPACKING pc=0x000002e213a87143 sp=0x000000e9dbffcf58 mode 3
Event: 84223.706 Thread 0x000002e221d29640 DEOPT PACKING pc=0x000002e214b01018 sp=0x000000e9dbffe400
Event: 84223.707 Thread 0x000002e221d29640 DEOPT UNPACKING pc=0x000002e213a87143 sp=0x000000e9dbffd8f0 mode 3

Classes unloaded (20 events):
Event: 1493.626 Thread 0x000002e21c062a50 Unloading class 0x000000010071e400 'java/lang/invoke/LambdaForm$MH+0x000000010071e400'
Event: 1493.626 Thread 0x000002e21c062a50 Unloading class 0x000000010071e000 'java/lang/invoke/LambdaForm$MH+0x000000010071e000'
Event: 1493.626 Thread 0x000002e21c062a50 Unloading class 0x000000010071dc00 'java/lang/invoke/LambdaForm$MH+0x000000010071dc00'
Event: 1493.626 Thread 0x000002e21c062a50 Unloading class 0x000000010071d400 'java/lang/invoke/LambdaForm$MH+0x000000010071d400'
Event: 1493.626 Thread 0x000002e21c062a50 Unloading class 0x000000010071d000 'java/lang/invoke/LambdaForm$MH+0x000000010071d000'
Event: 1493.626 Thread 0x000002e21c062a50 Unloading class 0x000000010071cc00 'java/lang/invoke/LambdaForm$MH+0x000000010071cc00'
Event: 1493.627 Thread 0x000002e21c062a50 Unloading class 0x000000010071c800 'java/lang/invoke/LambdaForm$MH+0x000000010071c800'
Event: 1493.627 Thread 0x000002e21c062a50 Unloading class 0x000000010071c400 'java/lang/invoke/LambdaForm$MH+0x000000010071c400'
Event: 1493.627 Thread 0x000002e21c062a50 Unloading class 0x000000010071c000 'java/lang/invoke/LambdaForm$MH+0x000000010071c000'
Event: 1493.627 Thread 0x000002e21c062a50 Unloading class 0x00000001003a2c00 'java/lang/invoke/LambdaForm$MH+0x00000001003a2c00'
Event: 1493.627 Thread 0x000002e21c062a50 Unloading class 0x00000001003b0800 'java/lang/invoke/LambdaForm$MH+0x00000001003b0800'
Event: 7480.642 Thread 0x000002e21c062a50 Unloading class 0x0000000100731800 'java/lang/invoke/LambdaForm$MH+0x0000000100731800'
Event: 7480.642 Thread 0x000002e21c062a50 Unloading class 0x0000000100731400 'java/lang/invoke/LambdaForm$MH+0x0000000100731400'
Event: 7480.642 Thread 0x000002e21c062a50 Unloading class 0x0000000100731000 'java/lang/invoke/LambdaForm$MH+0x0000000100731000'
Event: 7480.642 Thread 0x000002e21c062a50 Unloading class 0x0000000100730c00 'java/lang/invoke/LambdaForm$MH+0x0000000100730c00'
Event: 7480.642 Thread 0x000002e21c062a50 Unloading class 0x0000000100730800 'java/lang/invoke/LambdaForm$MH+0x0000000100730800'
Event: 7480.642 Thread 0x000002e21c062a50 Unloading class 0x0000000100730400 'java/lang/invoke/LambdaForm$MH+0x0000000100730400'
Event: 7480.642 Thread 0x000002e21c062a50 Unloading class 0x0000000100730000 'java/lang/invoke/LambdaForm$MH+0x0000000100730000'
Event: 7480.642 Thread 0x000002e21c062a50 Unloading class 0x000000010072c400 'java/lang/invoke/LambdaForm$MH+0x000000010072c400'
Event: 12507.713 Thread 0x000002e21c062a50 Unloading class 0x0000000100731800 'jdk/internal/reflect/GeneratedConstructorAccessor40'

Classes redefined (0 events):
No events

Internal exceptions (20 events):
Event: 6.050 Thread 0x000002e221d2a060 Exception <a 'sun/nio/fs/WindowsException'{0x00000000c3ad6658}> (0x00000000c3ad6658) 
thrown [s\src\hotspot\share\prims\jni.cpp, line 516]
Event: 44.851 Thread 0x000002e221c768a0 Exception <a 'java/lang/NoSuchMethodError'{0x00000000c8a02c90}: 'void java.lang.invoke.DirectMethodHandle$Holder.invokeStatic(java.lang.Object, long)'> (0x00000000c8a02c90) 
thrown [s\src\hotspot\share\interpreter\linkResolver.cpp, line 759]
Event: 44.851 Thread 0x000002e221c768a0 Exception <a 'java/lang/NoSuchMethodError'{0x00000000c8a08038}: 'java.lang.Object java.lang.invoke.DirectMethodHandle$Holder.newInvokeSpecial(java.lang.Object, long)'> (0x00000000c8a08038) 
thrown [s\src\hotspot\share\interpreter\linkResolver.cpp, line 759]
Event: 306.738 Thread 0x000002e221d2a570 Exception <a 'java/io/IOException'{0x00000000c55001d0}> (0x00000000c55001d0) 
thrown [s\src\hotspot\share\prims\jni.cpp, line 516]
Event: 306.936 Thread 0x000002e221d29130 Exception <a 'java/io/IOException'{0x00000000c5512e40}> (0x00000000c5512e40) 
thrown [s\src\hotspot\share\prims\jni.cpp, line 516]
Event: 307.304 Thread 0x000002e2224b5080 Exception <a 'java/io/IOException'{0x00000000c5523f80}> (0x00000000c5523f80) 
thrown [s\src\hotspot\share\prims\jni.cpp, line 516]
Event: 1419.867 Thread 0x000002e221d29640 Exception <a 'java/lang/NoSuchMethodError'{0x00000000c409dac0}: 'java.lang.Object java.lang.invoke.Invokers$Holder.invoke_MT(java.lang.Object, java.lang.Object, java.lang.Object)'> (0x00000000c409dac0) 
thrown [s\src\hotspot\share\interpreter\linkResolver.cpp, line 759]
Event: 1420.246 Thread 0x000002e221d29640 Exception <a 'java/lang/IncompatibleClassChangeError'{0x00000000c4a249c8}: Found class java.lang.Object, but interface was expected> (0x00000000c4a249c8) 
thrown [s\src\hotspot\share\interpreter\linkResolver.cpp, line 826]
Event: 1420.292 Thread 0x000002e221d29640 Exception <a 'java/lang/NoSuchMethodError'{0x00000000c3f7daf0}: 'int java.lang.invoke.DirectMethodHandle$Holder.invokeSpecialIFC(java.lang.Object, java.lang.Object, java.lang.Object)'> (0x00000000c3f7daf0) 
thrown [s\src\hotspot\share\interpreter\linkResolver.cpp, line 759]
Event: 1420.397 Thread 0x000002e221d29640 Implicit null exception at 0x000002e214476044 to 0x000002e214476269
Event: 3158.021 Thread 0x000002e221d29640 Implicit null exception at 0x000002e2144d840a to 0x000002e2144d89f3
Event: 3158.021 Thread 0x000002e221d29640 Implicit null exception at 0x000002e2144d680f to 0x000002e2144d6cff
Event: 3158.182 Thread 0x000002e221d29640 Implicit null exception at 0x000002e213ba7790 to 0x000002e213ba7d4a
Event: 7253.700 Thread 0x000002e221d29640 Implicit null exception at 0x000002e213f3db5a to 0x000002e213f3dd9b
Event: 7447.959 Thread 0x000002e221d29640 Implicit null exception at 0x000002e2145e4435 to 0x000002e2145e46e1
Event: 7447.963 Thread 0x000002e221d29640 Exception <a 'java/lang/NoSuchMethodError'{0x00000000c375cf90}: 'java.lang.Object java.lang.invoke.DirectMethodHandle$Holder.newInvokeSpecial(java.lang.Object, java.lang.Object, java.lang.Object, int)'> (0x00000000c375cf90) 
thrown [s\src\hotspot\share\interpreter\linkResolver.cpp, line 759]
Event: 7447.963 Thread 0x000002e221d29640 Exception <a 'java/lang/NoSuchMethodError'{0x00000000c3761278}: 'java.lang.Object java.lang.invoke.DirectMethodHandle$Holder.invokeSpecial(java.lang.Object, java.lang.Object, java.lang.Object, java.lang.Object, int)'> (0x00000000c3761278) 
thrown [s\src\hotspot\share\interpreter\linkResolver.cpp, line 759]
Event: 7447.963 Thread 0x000002e221d29640 Exception <a 'java/lang/NoSuchMethodError'{0x00000000c3764e40}: 'java.lang.Object java.lang.invoke.Invokers$Holder.linkToTargetMethod(java.lang.Object, java.lang.Object, int, java.lang.Object)'> (0x00000000c3764e40) 
thrown [s\src\hotspot\share\interpreter\linkResolver.cpp, line 759]
Event: 12245.914 Thread 0x000002e221d29640 Implicit null exception at 0x000002e2145f9be2 to 0x000002e2145fa731
Event: 84223.706 Thread 0x000002e221d29640 Implicit null exception at 0x000002e214b00cba to 0x000002e214b01013

VM Operations (20 events):
Event: 99598.657 Executing VM operation: G1CollectFull done
Event: 99608.872 Executing VM operation: G1CollectFull
Event: 99608.914 Executing VM operation: G1CollectFull done
Event: 99619.114 Executing VM operation: G1CollectFull
Event: 99619.154 Executing VM operation: G1CollectFull done
Event: 99629.361 Executing VM operation: G1CollectFull
Event: 99629.402 Executing VM operation: G1CollectFull done
Event: 99639.612 Executing VM operation: G1CollectFull
Event: 99639.653 Executing VM operation: G1CollectFull done
Event: 99649.858 Executing VM operation: G1CollectFull
Event: 99649.893 Executing VM operation: G1CollectFull done
Event: 99660.127 Executing VM operation: G1CollectFull
Event: 99660.173 Executing VM operation: G1CollectFull done
Event: 99670.387 Executing VM operation: G1CollectFull
Event: 99670.424 Executing VM operation: G1CollectFull done
Event: 99680.490 Executing VM operation: G1CollectFull
Event: 99680.526 Executing VM operation: G1CollectFull done
Event: 99690.728 Executing VM operation: G1CollectFull
Event: 99690.768 Executing VM operation: G1CollectFull done
Event: 99700.869 Executing VM operation: G1CollectFull

Events (20 events):
Event: 86280.456 Thread 0x000002e221d2a570 Thread added: 0x000002e221d2a570
Event: 86500.179 Thread 0x000002e221d2a570 Thread exited: 0x000002e221d2a570
Event: 86505.051 Thread 0x000002e221d28200 Thread added: 0x000002e221d28200
Event: 86565.066 Thread 0x000002e221d28200 Thread exited: 0x000002e221d28200
Event: 87613.609 Thread 0x000002e221d28200 Thread added: 0x000002e221d28200
Event: 87687.518 Thread 0x000002e221d28200 Thread exited: 0x000002e221d28200
Event: 87783.948 Thread 0x000002e221d29130 Thread added: 0x000002e221d29130
Event: 87843.955 Thread 0x000002e221d29130 Thread exited: 0x000002e221d29130
Event: 88397.822 Thread 0x000002e222895d40 Thread added: 0x000002e222895d40
Event: 88397.822 Thread 0x000002e222896a70 Thread added: 0x000002e222896a70
Event: 88403.023 Thread 0x000002e222896a70 Thread exited: 0x000002e222896a70
Event: 88408.030 Thread 0x000002e222895d40 Thread exited: 0x000002e222895d40
Event: 88848.977 Thread 0x000002e221d28200 Thread added: 0x000002e221d28200
Event: 88908.994 Thread 0x000002e221d28200 Thread exited: 0x000002e221d28200
Event: 88943.199 Thread 0x000002e221d28200 Thread added: 0x000002e221d28200
Event: 89020.796 Thread 0x000002e221d28200 Thread exited: 0x000002e221d28200
Event: 89916.299 Thread 0x000002e221d2a570 Thread added: 0x000002e221d2a570
Event: 89976.309 Thread 0x000002e221d2a570 Thread exited: 0x000002e221d2a570
Event: 91333.238 Thread 0x000002e221d2a570 Thread added: 0x000002e221d2a570
Event: 91393.248 Thread 0x000002e221d2a570 Thread exited: 0x000002e221d2a570


Dynamic libraries:
0x00007ff6e4d70000 - 0x00007ff6e4d7e000 	c:\Users\Win10\.vscode\extensions\redhat.java-1.25.1-win32-x64\jre\17.0.9-win32-x86_64\bin\java.exe
0x00007ff8f7c50000 - 0x00007ff8f7e48000 	C:\WINDOWS\SYSTEM32\ntdll.dll
0x00007ff8f6930000 - 0x00007ff8f69ed000 	C:\WINDOWS\System32\KERNEL32.DLL
0x00007ff8f56b0000 - 0x00007ff8f59a6000 	C:\WINDOWS\System32\KERNELBASE.dll
0x00007ff8f5330000 - 0x00007ff8f5430000 	C:\WINDOWS\System32\ucrtbase.dll
0x00007ff8f0e80000 - 0x00007ff8f0e9b000 	c:\Users\Win10\.vscode\extensions\redhat.java-1.25.1-win32-x64\jre\17.0.9-win32-x86_64\bin\VCRUNTIME140.dll
0x00007ff8f0c80000 - 0x00007ff8f0c97000 	c:\Users\Win10\.vscode\extensions\redhat.java-1.25.1-win32-x64\jre\17.0.9-win32-x86_64\bin\jli.dll
0x00007ff8f6d20000 - 0x00007ff8f6ebe000 	C:\WINDOWS\System32\USER32.dll
0x00007ff8f5b60000 - 0x00007ff8f5b82000 	C:\WINDOWS\System32\win32u.dll
0x00007ff8f6ac0000 - 0x00007ff8f6aec000 	C:\WINDOWS\System32\GDI32.dll
0x00007ff8f5a40000 - 0x00007ff8f5b5a000 	C:\WINDOWS\System32\gdi32full.dll
0x00007ff8f5b90000 - 0x00007ff8f5c2d000 	C:\WINDOWS\System32\msvcp_win.dll
0x00007ff8e0e20000 - 0x00007ff8e10ba000 	C:\WINDOWS\WinSxS\amd64_microsoft.windows.common-controls_6595b64144ccf1df_6.0.19041.3636_none_60b6a03d71f818d5\COMCTL32.dll
0x00007ff8f7430000 - 0x00007ff8f74ce000 	C:\WINDOWS\System32\msvcrt.dll
0x00007ff8f6c40000 - 0x00007ff8f6c70000 	C:\WINDOWS\System32\IMM32.DLL
0x00007ff8f1000000 - 0x00007ff8f100c000 	c:\Users\Win10\.vscode\extensions\redhat.java-1.25.1-win32-x64\jre\17.0.9-win32-x86_64\bin\vcruntime140_1.dll
0x00007ff8c2750000 - 0x00007ff8c27dd000 	c:\Users\Win10\.vscode\extensions\redhat.java-1.25.1-win32-x64\jre\17.0.9-win32-x86_64\bin\msvcp140.dll
0x00007ff8a0490000 - 0x00007ff8a10f1000 	c:\Users\Win10\.vscode\extensions\redhat.java-1.25.1-win32-x64\jre\17.0.9-win32-x86_64\bin\server\jvm.dll
0x00007ff8f6c70000 - 0x00007ff8f6d1f000 	C:\WINDOWS\System32\ADVAPI32.dll
0x00007ff8f6ec0000 - 0x00007ff8f6f5c000 	C:\WINDOWS\System32\sechost.dll
0x00007ff8f74d0000 - 0x00007ff8f75f6000 	C:\WINDOWS\System32\RPCRT4.dll
0x00007ff8f48f0000 - 0x00007ff8f493b000 	C:\WINDOWS\SYSTEM32\POWRPROF.dll
0x00007ff8dcb90000 - 0x00007ff8dcb99000 	C:\WINDOWS\SYSTEM32\WSOCK32.dll
0x00007ff8f7230000 - 0x00007ff8f729b000 	C:\WINDOWS\System32\WS2_32.dll
0x00007ff8ec8c0000 - 0x00007ff8ec8e7000 	C:\WINDOWS\SYSTEM32\WINMM.dll
0x00007ff8f0980000 - 0x00007ff8f098a000 	C:\WINDOWS\SYSTEM32\VERSION.dll
0x00007ff8f4860000 - 0x00007ff8f4872000 	C:\WINDOWS\SYSTEM32\UMPDC.dll
0x00007ff8f3210000 - 0x00007ff8f3222000 	C:\WINDOWS\SYSTEM32\kernel.appcore.dll
0x00007ff8f0c10000 - 0x00007ff8f0c1a000 	c:\Users\Win10\.vscode\extensions\redhat.java-1.25.1-win32-x64\jre\17.0.9-win32-x86_64\bin\jimage.dll
0x00007ff8e1540000 - 0x00007ff8e1724000 	C:\WINDOWS\SYSTEM32\DBGHELP.DLL
0x00007ff8cbe90000 - 0x00007ff8cbec4000 	C:\WINDOWS\SYSTEM32\dbgcore.DLL
0x00007ff8f59b0000 - 0x00007ff8f5a32000 	C:\WINDOWS\System32\bcryptPrimitives.dll
0x00007ff8c5c50000 - 0x00007ff8c5c75000 	c:\Users\Win10\.vscode\extensions\redhat.java-1.25.1-win32-x64\jre\17.0.9-win32-x86_64\bin\java.dll
0x00007ff8c80a0000 - 0x00007ff8c80b8000 	c:\Users\Win10\.vscode\extensions\redhat.java-1.25.1-win32-x64\jre\17.0.9-win32-x86_64\bin\zip.dll
0x00007ff8f6080000 - 0x00007ff8f67c5000 	C:\WINDOWS\System32\SHELL32.dll
0x00007ff8f3410000 - 0x00007ff8f3bab000 	C:\WINDOWS\SYSTEM32\windows.storage.dll
0x00007ff8f5d10000 - 0x00007ff8f6064000 	C:\WINDOWS\System32\combase.dll
0x00007ff8f4d70000 - 0x00007ff8f4d9d000 	C:\WINDOWS\SYSTEM32\Wldp.dll
0x00007ff8f6880000 - 0x00007ff8f692d000 	C:\WINDOWS\System32\SHCORE.dll
0x00007ff8f5cb0000 - 0x00007ff8f5d05000 	C:\WINDOWS\System32\shlwapi.dll
0x00007ff8f5260000 - 0x00007ff8f5285000 	C:\WINDOWS\SYSTEM32\profapi.dll
0x00007ff8c7d60000 - 0x00007ff8c7d79000 	C:\Users\Win10\.vscode\extensions\redhat.java-1.25.1-win32-x64\jre\17.0.9-win32-x86_64\bin\net.dll
0x00007ff8efd90000 - 0x00007ff8efe9a000 	C:\WINDOWS\SYSTEM32\WINHTTP.dll
0x00007ff8f4ad0000 - 0x00007ff8f4b3a000 	C:\WINDOWS\system32\mswsock.dll
0x00007ff8c7c70000 - 0x00007ff8c7c86000 	C:\Users\Win10\.vscode\extensions\redhat.java-1.25.1-win32-x64\jre\17.0.9-win32-x86_64\bin\nio.dll
0x00007ff8f4cc0000 - 0x00007ff8f4cd8000 	C:\WINDOWS\SYSTEM32\CRYPTSP.dll
0x00007ff8f4320000 - 0x00007ff8f4354000 	C:\WINDOWS\system32\rsaenh.dll
0x00007ff8f5c30000 - 0x00007ff8f5c57000 	C:\WINDOWS\System32\bcrypt.dll
0x00007ff8f5220000 - 0x00007ff8f524e000 	C:\WINDOWS\SYSTEM32\USERENV.dll
0x00007ff8f4ce0000 - 0x00007ff8f4cec000 	C:\WINDOWS\SYSTEM32\CRYPTBASE.dll
0x00007ff8f4750000 - 0x00007ff8f478b000 	C:\WINDOWS\SYSTEM32\IPHLPAPI.DLL
0x00007ff8f7300000 - 0x00007ff8f7308000 	C:\WINDOWS\System32\NSI.dll
0x00007ff8eed30000 - 0x00007ff8eed47000 	C:\WINDOWS\SYSTEM32\dhcpcsvc6.DLL
0x00007ff8eee20000 - 0x00007ff8eee3d000 	C:\WINDOWS\SYSTEM32\dhcpcsvc.DLL
0x00007ff8f4790000 - 0x00007ff8f485a000 	C:\WINDOWS\SYSTEM32\DNSAPI.dll
0x00007ff8ed220000 - 0x00007ff8ed230000 	c:\Users\Win10\.vscode\extensions\redhat.java-1.25.1-win32-x64\jre\17.0.9-win32-x86_64\bin\verify.dll
0x00007ff8ddd00000 - 0x00007ff8ddd09000 	C:\Users\Win10\.vscode\extensions\redhat.java-1.25.1-win32-x64\jre\17.0.9-win32-x86_64\bin\management.dll
0x00007ff8db4c0000 - 0x00007ff8db4cb000 	C:\Users\Win10\.vscode\extensions\redhat.java-1.25.1-win32-x64\jre\17.0.9-win32-x86_64\bin\management_ext.dll
0x00007ff8f7070000 - 0x00007ff8f7078000 	C:\WINDOWS\System32\PSAPI.DLL
0x00007ff8dabd0000 - 0x00007ff8dabde000 	C:\Users\Win10\.vscode\extensions\redhat.java-1.25.1-win32-x64\jre\17.0.9-win32-x86_64\bin\sunmscapi.dll
0x00007ff8f54a0000 - 0x00007ff8f55fd000 	C:\WINDOWS\System32\CRYPT32.dll
0x00007ff8f4de0000 - 0x00007ff8f4e07000 	C:\WINDOWS\SYSTEM32\ncrypt.dll
0x00007ff8f4da0000 - 0x00007ff8f4ddb000 	C:\WINDOWS\SYSTEM32\NTASN1.dll
0x00007ff8e1530000 - 0x00007ff8e153a000 	C:\Windows\System32\rasadhlp.dll
0x00007ff8e13b0000 - 0x00007ff8e1430000 	C:\WINDOWS\System32\fwpuclnt.dll

dbghelp: loaded successfully - version: 4.0.5 - missing functions: none
symbol engine: initialized successfully - sym options: 0x614 - pdb path: .;c:\Users\Win10\.vscode\extensions\redhat.java-1.25.1-win32-x64\jre\17.0.9-win32-x86_64\bin;C:\WINDOWS\SYSTEM32;C:\WINDOWS\WinSxS\amd64_microsoft.windows.common-controls_6595b64144ccf1df_6.0.19041.3636_none_60b6a03d71f818d5;c:\Users\Win10\.vscode\extensions\redhat.java-1.25.1-win32-x64\jre\17.0.9-win32-x86_64\bin\server

VM Arguments:
jvm_args: -XX:+HeapDumpOnOutOfMemoryError -Xmx1024m -Dsts.lsp.client=vscode -Dsts.log.file=/dev/null -XX:TieredStopAtLevel=1 -Xlog:jni+resolve=off -Dspring.config.location=file:c:\Users\Win10\.vscode\extensions\vmware.vscode-spring-boot-1.51.0\language-server\BOOT-INF\classes\application.properties 
java_command: org.springframework.ide.vscode.boot.app.BootLanguageServerBootApp
java_class_path (initial): c:\Users\Win10\.vscode\extensions\vmware.vscode-spring-boot-1.51.0\language-server\BOOT-INF\classes;c:\Users\Win10\.vscode\extensions\vmware.vscode-spring-boot-1.51.0\language-server\BOOT-INF\lib\annotations-24.1.0.jar;c:\Users\Win10\.vscode\extensions\vmware.vscode-spring-boot-1.51.0\language-server\BOOT-INF\lib\antlr-runtime-3.5.3.jar;c:\Users\Win10\.vscode\extensions\vmware.vscode-spring-boot-1.51.0\language-server\BOOT-INF\lib\antlr4-4.11.1.jar;c:\Users\Win10\.vscode\extensions\vmware.vscode-spring-boot-1.51.0\language-server\BOOT-INF\lib\antlr4-runtime-4.11.1.jar;c:\Users\Win10\.vscode\extensions\vmware.vscode-spring-boot-1.51.0\language-server\BOOT-INF\lib\asm-9.6.jar;c:\Users\Win10\.vscode\extensions\vmware.vscode-spring-boot-1.51.0\language-server\BOOT-INF\lib\asm-analysis-9.6.jar;c:\Users\Win10\.vscode\extensions\vmware.vscode-spring-boot-1.51.0\language-server\BOOT-INF\lib\asm-tree-9.6.jar;c:\Users\Win10\.vscode\extensions\vmware.vscode-spring-boot-1.51.0\language-server\BOOT-INF\lib\asm-util-9.6.jar;c:\Users\Win10\.vscode\extensions\vmware.vscode-spring-boot-1.51.0\language-server\BOOT-INF\lib\bosh-language-server-1.51.0-SNAPSHOT.jar;c:\Users\Win10\.vscode\extensions\vmware.vscode-spring-boot-1.51.0\language-server\BOOT-INF\lib\caffeine-3.1.8.jar;c:\Users\Win10\.vscode\extensions\vmware.vscode-spring-boot-1.51.0\language-server\BOOT-INF\lib\checker-qual-3.12.0.jar;c:\Users\Win10\.vscode\extensions\vmware.vscode-spring-boot-1.51.0\language-server\BOOT-INF\lib\classgraph-4.8.149.jar;c:\Users\Win10\.vscode\extensions\vmware.vscode-spring-boot-1.51.0\language-server\BOOT-INF\lib\commons-codec-1.15.jar;c:\Users\Win10\.vscode\extensions\vmware.vscode-spring-boot-1.51.0\language-server\BOOT-INF\lib\commons-compress-1.25.0.jar;c:\Users\Win10\.vscode\extensions\vmware.vscode-spring-boot-1.51.0\language-server\BOOT-INF\lib\commons-io-2.4.jar;c:\Users\Win10\.vscode\extensions\vmware.vscode-spring-boot-1.51.0\language-server\BOOT-INF\lib\
Launcher Type: SUN_STANDARD

[Global flags]
     intx CICompilerCount                          = 4                                         {product} {ergonomic}
     uint ConcGCThreads                            = 3                                         {product} {ergonomic}
     uint G1ConcRefinementThreads                  = 10                                        {product} {ergonomic}
   size_t G1HeapRegionSize                         = 1048576                                   {product} {ergonomic}
    uintx GCDrainStackTargetSize                   = 64                                        {product} {ergonomic}
     bool HeapDumpOnOutOfMemoryError               = true                                   {manageable} {command line}
   size_t InitialHeapSize                          = 268435456                                 {product} {ergonomic}
   size_t MarkStackSize                            = 4194304                                   {product} {ergonomic}
   size_t MaxHeapSize                              = 1073741824                                {product} {command line}
   size_t MaxNewSize                               = 643825664                                 {product} {ergonomic}
   size_t MinHeapDeltaBytes                        = 1048576                                   {product} {ergonomic}
   size_t MinHeapSize                              = 8388608                                   {product} {ergonomic}
    uintx NonProfiledCodeHeapSize                  = 0                                      {pd product} {ergonomic}
     bool ProfileInterpreter                       = false                                  {pd product} {command line}
    uintx ProfiledCodeHeapSize                     = 0                                      {pd product} {ergonomic}
   size_t SoftMaxHeapSize                          = 1073741824                             {manageable} {ergonomic}
     intx TieredStopAtLevel                        = 1                                         {product} {command line}
     bool UseCompressedClassPointers               = true                           {product lp64_product} {ergonomic}
     bool UseCompressedOops                        = true                           {product lp64_product} {ergonomic}
     bool UseG1GC                                  = true                                      {product} {ergonomic}
     bool UseLargePagesIndividualAllocation        = false                                  {pd product} {ergonomic}

Logging:
Log output configuration:
 #0: stdout all=warning,jni+resolve=off uptime,level,tags
 #1: stderr all=off uptime,level,tags

Environment Variables:
PATH=C:\app\Win10\product\18.0.0\dbhomeXE\bin;C:\Users\Win10\Desktop\Python\WINDOWS.X64_193000_db_home\bin;C:\Program Files\Common Files\Oracle\Java\javapath;C:\Program Files (x86)\NAT Service;C:\Program Files (x86)\Intel\Intel(R) Management Engine Components\iCLS\;C:\Program Files\Intel\Intel(R) Management Engine Components\iCLS\;C:\Windows\system32;C:\Windows;C:\Windows\System32\Wbem;C:\Windows\System32\WindowsPowerShell\v1.0\;C:\Windows\System32\OpenSSH\;C:\Program Files (x86)\Intel\Intel(R) Management Engine Components\DAL;C:\Program Files\Intel\Intel(R) Management Engine Components\DAL;C:\Program Files (x86)\Intel\Intel(R) Management Engine Components\IPT;C:\Program Files\Intel\Intel(R) Management Engine Components\IPT;C:\Program Files (x86)\NVIDIA Corporation\PhysX\Common;C:\WINDOWS\system32;C:\WINDOWS;C:\WINDOWS\System32\Wbem;C:\WINDOWS\System32\WindowsPowerShell\v1.0\;C:\WINDOWS\System32\OpenSSH\;C:\Program Files\ojdkbuild\java-11-openjdk-11.0.15-1\bin;C:\Program Files\Git\cmd;C:\Program Files\nodejs\;C:\Users\Win10\AppData\Local\Programs\Python\Python310\Scripts\;C:\Users\Win10\AppData\Local\Programs\Python\Python310\;C:\Users\Win10\AppData\Local\Microsoft\WindowsApps;C:\Users\Win10\AppData\Local\Programs\Microsoft VS Code\bin;C:\Users\Win10\AppData\Local\JetBrains\Toolbox\scripts;C:\Program Files\Java\jdk-11.0.16.1\bin;C:\Users\Win10\AppData\Roaming\npm
USERNAME=Win10
TMPDIR=C:\Users\Public\Documents\ESTsoft\CreatorTemp
OS=Windows_NT
PROCESSOR_IDENTIFIER=Intel64 Family 6 Model 158 Stepping 10, GenuineIntel
TMP=C:\Users\Win10\AppData\Local\Temp
TEMP=C:\Users\Win10\AppData\Local\Temp



Periodic native trim disabled


---------------  S Y S T E M  ---------------

OS:
 Windows 10 , 64 bit Build 19041 (10.0.19041.3636)
OS uptime: 1 days 12:10 hours

CPU: total 12 (initial active 12) (6 cores per cpu, 2 threads per core) family 6 model 158 stepping 10 microcode 0xb4, cx8, cmov, fxsr, ht, mmx, 3dnowpref, sse, sse2, sse3, ssse3, sse4.1, sse4.2, popcnt, lzcnt, tsc, tscinvbit, avx, avx2, aes, erms, clmul, bmi1, bmi2, rtm, adx, fma, vzeroupper, clflush, clflushopt
Processor Information for all 12 processors :
  Max Mhz: 3192, Current Mhz: 3192, Mhz Limit: 3192

Memory: 4k page, system-wide physical 16323M (2462M free)
TotalPageFile size 34937M (AvailPageFile size 14M)
current process WorkingSet (physical memory assigned to process): 71M, peak: 214M
current process commit charge ("private bytes"): 262M, peak: 371M

vm_info: OpenJDK 64-Bit Server VM (17.0.9+9) for windows-amd64 JRE (17.0.9+9), built on Oct 26 2023 14:01:42 by "admin" with MS VC++ 16.10 / 16.11 (VS2019)

END.
